#
# A fatal error has been detected by the Java Runtime Environment:
#
#  EXCEPTION_ACCESS_VIOLATION (0xc0000005) at pc=0x0000000062645f29, pid=21300, tid=17848
#
# JRE version: Java(TM) SE Runtime Environment (12.0.2+10) (build 12.0.2+10)
# Java VM: Java HotSpot(TM) 64-Bit Server VM (12.0.2+10, mixed mode, sharing, tiered, compressed oops, g1 gc, windows-amd64)
# Problematic frame:
# C  [libmkldnn.dll+0x545f29]
#
# No core dump will be written. Minidumps are not enabled by default on client versions of Windows
#
# If you would like to submit a bug report, please visit:
#   http://bugreport.java.com/bugreport/crash.jsp
# The crash happened outside the Java Virtual Machine in native code.
# See problematic frame for where to report the bug.
#

---------------  S U M M A R Y ------------

Command Line: -Dfile.encoding=Cp1252 deeplearning4j.ConvolutionnalNetwork

Host: Intel(R) Core(TM) i5-9600K CPU @ 3.70GHz, 6 cores, 15G,  Windows 10 , 64 bit Build 17763 (10.0.17763.475)
Time: Sat Sep 14 00:28:00 2019 Est (heure d?été) elapsed time: 59 seconds (0d 0h 0m 59s)

---------------  T H R E A D  ---------------

Current thread (0x000001b8d5257800):  JavaThread "main" [_thread_in_native, id=17848, stack(0x00000064d8700000,0x00000064d8800000)]

Stack: [0x00000064d8700000,0x00000064d8800000],  sp=0x00000064d87fc190,  free space=1008k
Native frames: (J=compiled Java code, j=interpreted, Vv=VM code, C=native code)
C  [libmkldnn.dll+0x545f29]

Java frames: (J=compiled Java code, j=interpreted, Vv=VM code)
J 2537  org.nd4j.nativeblas.Nd4jCpu$NativeOps.execCustomOp(Lorg/bytedeco/javacpp/PointerPointer;JLorg/bytedeco/javacpp/Pointer;)I (0 bytes) @ 0x000001b8e52dc0b8 [0x000001b8e52dc040+0x0000000000000078]
J 2535 c1 org.nd4j.linalg.cpu.nativecpu.ops.NativeOpExecutioner.exec(Lorg/nd4j/linalg/api/ops/CustomOp;Lorg/nd4j/linalg/api/ops/OpContext;)[Lorg/nd4j/linalg/api/ndarray/INDArray; (187 bytes) @ 0x000001b8de23e464 [0x000001b8de23dd00+0x0000000000000764]
j  org.nd4j.linalg.cpu.nativecpu.ops.NativeOpExecutioner.exec(Lorg/nd4j/linalg/api/ops/CustomOp;)[Lorg/nd4j/linalg/api/ndarray/INDArray;+311
j  org.nd4j.linalg.factory.Nd4j.exec(Lorg/nd4j/linalg/api/ops/CustomOp;)[Lorg/nd4j/linalg/api/ndarray/INDArray;+4
j  org.deeplearning4j.nn.layers.mkldnn.MKLDNNSubsamplingHelper.backpropGradient(Lorg/nd4j/linalg/api/ndarray/INDArray;Lorg/nd4j/linalg/api/ndarray/INDArray;[I[I[ILorg/deeplearning4j/nn/conf/layers/PoolingType;Lorg/deeplearning4j/nn/conf/ConvolutionMode;[ILorg/deeplearning4j/nn/workspace/LayerWorkspaceMgr;)Lorg/nd4j/linalg/primitives/Pair;+309
j  org.deeplearning4j.nn.layers.convolution.subsampling.SubsamplingLayer.backpropGradient(Lorg/nd4j/linalg/api/ndarray/INDArray;Lorg/deeplearning4j/nn/workspace/LayerWorkspaceMgr;)Lorg/nd4j/linalg/primitives/Pair;+252
j  org.deeplearning4j.nn.multilayer.MultiLayerNetwork.calcBackpropGradients(Lorg/nd4j/linalg/api/ndarray/INDArray;ZZZ)Lorg/nd4j/linalg/primitives/Pair;+555
j  org.deeplearning4j.nn.multilayer.MultiLayerNetwork.computeGradientAndScore()V+384
j  org.deeplearning4j.nn.multilayer.MultiLayerNetwork.computeGradientAndScore(Lorg/deeplearning4j/nn/workspace/LayerWorkspaceMgr;)V+1
j  org.deeplearning4j.optimize.solvers.BaseOptimizer.gradientAndScore(Lorg/deeplearning4j/nn/workspace/LayerWorkspaceMgr;)Lorg/nd4j/linalg/primitives/Pair;+13
j  org.deeplearning4j.optimize.solvers.StochasticGradientDescent.optimize(Lorg/deeplearning4j/nn/workspace/LayerWorkspaceMgr;)Z+85
j  org.deeplearning4j.optimize.Solver.optimize(Lorg/deeplearning4j/nn/workspace/LayerWorkspaceMgr;)V+9
j  org.deeplearning4j.nn.multilayer.MultiLayerNetwork.fitHelper(Lorg/nd4j/linalg/dataset/api/iterator/DataSetIterator;)V+541
j  org.deeplearning4j.nn.multilayer.MultiLayerNetwork.fit(Lorg/nd4j/linalg/dataset/api/iterator/DataSetIterator;)V+2
j  org.deeplearning4j.nn.multilayer.MultiLayerNetwork.fit(Lorg/nd4j/linalg/dataset/api/iterator/DataSetIterator;I)V+65
j  deeplearning4j.ModelUtils.trainModel(Lorg/deeplearning4j/nn/multilayer/MultiLayerNetwork;Lorg/nd4j/linalg/dataset/api/iterator/DataSetIterator;I)V+3
j  deeplearning4j.ConvolutionnalNetwork.main([Ljava/lang/String;)V+651
v  ~StubRoutines::call_stub

siginfo: EXCEPTION_ACCESS_VIOLATION (0xc0000005), writing address 0x0000000000000000


Register to memory mapping:

RIP=0x0000000062645f29 libmkldnn.dll
RAX=0x000001b8c8868040 points into unknown readable memory: 00 00 c0 ff 00 00 c0 ff
RBX=0x00000064d87fc3c0 is pointing into the stack for thread: 0x000001b8d5257800
RCX=0x000001b8c8871040 points into unknown readable memory: 00 00 c0 ff 00 00 c0 ff
RDX=0x0 is NULL
RSP=0x00000064d87fc190 is pointing into the stack for thread: 0x000001b8d5257800
RBP=0x0000000000000060 is an unknown value
RSI=0x0000000000000001 is an unknown value
RDI=0x0 is NULL
R8 =0x0 is NULL
R9 =0x0000000000000008 is an unknown value
R10=0x0000000000009000 is an unknown value
R11=0x0 is NULL
R12=0x0 is NULL
R13=0x0 is NULL
R14=0x00000064d87fc400 is pointing into the stack for thread: 0x000001b8d5257800
R15=0x0000000062115760 libmkldnn.dll


Registers:
RAX=0x000001b8c8868040, RBX=0x00000064d87fc3c0, RCX=0x000001b8c8871040, RDX=0x0000000000000000
RSP=0x00000064d87fc190, RBP=0x0000000000000060, RSI=0x0000000000000001, RDI=0x0000000000000000
R8 =0x0000000000000000, R9 =0x0000000000000008, R10=0x0000000000009000, R11=0x0000000000000000
R12=0x0000000000000000, R13=0x0000000000000000, R14=0x00000064d87fc400, R15=0x0000000062115760
RIP=0x0000000062645f29, EFLAGS=0x0000000000010202

Top of Stack: (sp=0x00000064d87fc190)
0x00000064d87fc190:   000000007fffffff 0000000000000000
0x00000064d87fc1a0:   0000000000000000 0000000000000002
0x00000064d87fc1b0:   00000064d87fc248 000000006361d080
0x00000064d87fc1c0:   0000000000000000 0000000000000000
0x00000064d87fc1d0:   0000000000000840 000001b8c8868040
0x00000064d87fc1e0:   000000000002d000 0000000000002400
0x00000064d87fc1f0:   0000000000000060 0000000000000000
0x00000064d87fc200:   0000000000000000 0000000000036000
0x00000064d87fc210:   0000000000012000 0000000000000300
0x00000064d87fc220:   0000000000000000 0000001400000060
0x00000064d87fc230:   0000002c00000060 0000000300000001
0x00000064d87fc240:   0000000000000000 0000000000000840
0x00000064d87fc250:   0000000000000006 00000064d87fc460
0x00000064d87fc260:   00000064d87fc460 0000000000000006
0x00000064d87fc270:   00000064d87fc3f8 0000000000000001
0x00000064d87fc280:   0000000000000008 00000064d87fc550 

Instructions: (pc=0x0000000062645f29)
0x0000000062645e29:   8b 00 f3 0f 10 25 dd 03 19 00 8d 68 ff 89 84 24
0x0000000062645e39:   a0 00 00 00 48 83 c5 01 48 63 54 24 38 48 8b 44
0x0000000062645e49:   24 50 48 63 cf 4c 8b 44 24 60 46 8d 0c e5 00 00
0x0000000062645e59:   00 00 48 8b 74 24 48 4c 0f af c1 48 0f af c2 48
0x0000000062645e69:   0f af 54 24 78 48 0f af 8c 24 88 00 00 00 4c 01
0x0000000062645e79:   c0 4d 63 c1 48 03 44 24 68 4c 0f af 44 24 58 4c
0x0000000062645e89:   01 c0 4d 63 c4 4c 0f af 84 24 80 00 00 00 48 8d
0x0000000062645e99:   04 86 48 8b 74 24 70 4c 01 c2 48 03 94 24 90 00
0x0000000062645ea9:   00 00 48 01 d1 8b 94 24 9c 00 00 00 4c 8d 04 8e
0x0000000062645eb9:   44 29 ca 41 b9 08 00 00 00 83 fa 08 44 0f 4e ca
0x0000000062645ec9:   0f 2e 23 0f 8a 9e 00 00 00 0f 85 98 00 00 00 49
0x0000000062645ed9:   8b 4e 08 0f 2e 29 0f 8a 8b 00 00 00 0f 85 85 00
0x0000000062645ee9:   00 00 44 8b 94 24 a0 00 00 00 45 85 d2 7e 4d 85
0x0000000062645ef9:   d2 7e 49 49 8b 56 18 45 31 db 48 8b 12 4c 8b 52
0x0000000062645f09:   78 48 8b b2 88 00 00 00 49 c1 e2 02 4c 89 da 48
0x0000000062645f19:   0f af d6 48 8d 0c 90 31 d2 f3 0f 10 01 4c 01 d1
0x0000000062645f29:   f3 41 0f 11 04 90 48 83 c2 01 41 39 d1 7f ea 49
0x0000000062645f39:   83 c3 01 49 83 c0 20 4c 39 dd 75 d0 8d 47 01 99
0x0000000062645f49:   f7 bc 24 98 00 00 00 85 d2 89 d7 0f 84 a8 00 00
0x0000000062645f59:   00 49 83 c5 01 4c 39 6c 24 40 0f 85 d8 fe ff ff
0x0000000062645f69:   e9 61 fd ff ff 66 90 8b 8c 24 a0 00 00 00 85 c9
0x0000000062645f79:   7e ca 85 d2 7e c6 49 8b 56 18 4d 8b 5e 08 31 f6
0x0000000062645f89:   48 8b 12 4c 8b 52 78 4c 8b ba 88 00 00 00 49 c1
0x0000000062645f99:   e2 02 0f 1f 44 00 00 48 89 f2 49 0f af d7 48 8d
0x0000000062645fa9:   0c 90 31 d2 eb 1b 90 f3 0f 59 c2 f3 0f 58 c8 f3
0x0000000062645fb9:   41 0f 11 0c 90 48 83 c2 01 4c 01 d1 41 39 d1 7e
0x0000000062645fc9:   26 f3 41 0f 10 03 0f 2e c3 f3 0f 10 0b f3 41 0f
0x0000000062645fd9:   10 14 90 f3 0f 59 09 7a ce 75 cc f3 0f 58 cb eb
0x0000000062645fe9:   ce 66 0f 1f 44 00 00 48 83 c6 01 49 83 c0 20 48
0x0000000062645ff9:   39 f5 75 a3 e9 43 ff ff ff 8b 44 24 3c 83 c0 01
0x0000000062646009:   99 f7 bc 24 a8 00 00 00 85 d2 89 54 24 3c 0f 85
0x0000000062646019:   3d ff ff ff 41 8d 44 24 01 99 f7 bc 24 ac 00 00 


Stack slot to memory mapping:
stack at sp + 0 slots: 0x000000007fffffff is an unknown value
stack at sp + 1 slots: 0x0 is NULL
stack at sp + 2 slots: 0x0 is NULL
stack at sp + 3 slots: 0x0000000000000002 is an unknown value
stack at sp + 4 slots: 0x00000064d87fc248 is pointing into the stack for thread: 0x000001b8d5257800
stack at sp + 5 slots: 0x000000006361d080 libgomp-1.dll
stack at sp + 6 slots: 0x0 is NULL
stack at sp + 7 slots: 0x0 is NULL


---------------  P R O C E S S  ---------------

Threads class SMR info:
_java_thread_list=0x000001b8fb4b08e0, length=13, elements={
0x000001b8d5257800, 0x000001b8f8841000, 0x000001b8f8843000, 0x000001b8f90e3800,
0x000001b8f90e5800, 0x000001b8f90e6800, 0x000001b8f90eb000, 0x000001b8f90ec800,
0x000001b8f93bc000, 0x000001b8f93c2000, 0x000001b8fa7ec000, 0x000001b8fad54800,
0x000001b8fa364800
}

Java Threads: ( => current thread )
=>0x000001b8d5257800 JavaThread "main" [_thread_in_native, id=17848, stack(0x00000064d8700000,0x00000064d8800000)]
  0x000001b8f8841000 JavaThread "Reference Handler" daemon [_thread_blocked, id=5624, stack(0x00000064d8e00000,0x00000064d8f00000)]
  0x000001b8f8843000 JavaThread "Finalizer" daemon [_thread_blocked, id=16108, stack(0x00000064d8f00000,0x00000064d9000000)]
  0x000001b8f90e3800 JavaThread "Signal Dispatcher" daemon [_thread_blocked, id=8788, stack(0x00000064d9000000,0x00000064d9100000)]
  0x000001b8f90e5800 JavaThread "Attach Listener" daemon [_thread_blocked, id=7544, stack(0x00000064d9100000,0x00000064d9200000)]
  0x000001b8f90e6800 JavaThread "C2 CompilerThread0" daemon [_thread_blocked, id=12668, stack(0x00000064d9200000,0x00000064d9300000)]
  0x000001b8f90eb000 JavaThread "C1 CompilerThread0" daemon [_thread_blocked, id=3420, stack(0x00000064d9300000,0x00000064d9400000)]
  0x000001b8f90ec800 JavaThread "Sweeper thread" daemon [_thread_blocked, id=15708, stack(0x00000064d9400000,0x00000064d9500000)]
  0x000001b8f93bc000 JavaThread "Service Thread" daemon [_thread_blocked, id=17612, stack(0x00000064d9500000,0x00000064d9600000)]
  0x000001b8f93c2000 JavaThread "Common-Cleaner" daemon [_thread_blocked, id=3012, stack(0x00000064d9700000,0x00000064d9800000)]
  0x000001b8fa7ec000 JavaThread "JavaCPP Deallocator" daemon [_thread_blocked, id=15056, stack(0x00000064d9e00000,0x00000064d9f00000)]
  0x000001b8fad54800 JavaThread "DeallocatorServiceThread_0" daemon [_thread_blocked, id=728, stack(0x00000064da200000,0x00000064da300000)]
  0x000001b8fa364800 JavaThread "DeallocatorServiceThread_1" daemon [_thread_blocked, id=11712, stack(0x00000064da300000,0x00000064da400000)]

Other Threads:
  0x000001b8f883e800 VMThread "VM Thread" [stack: 0x00000064d8d00000,0x00000064d8e00000] [id=20824]
  0x000001b8f93c1000 WatcherThread [stack: 0x00000064d9600000,0x00000064d9700000] [id=21896]
  0x000001b8d52ba800 GCTaskThread "GC Thread#0" [stack: 0x00000064d8800000,0x00000064d8900000] [id=14844]
  0x000001b8fa15e000 GCTaskThread "GC Thread#1" [stack: 0x00000064d9900000,0x00000064d9a00000] [id=19876]
  0x000001b8fa15d000 GCTaskThread "GC Thread#2" [stack: 0x00000064d9a00000,0x00000064d9b00000] [id=18768]
  0x000001b8fa15b800 GCTaskThread "GC Thread#3" [stack: 0x00000064d9b00000,0x00000064d9c00000] [id=20356]
  0x000001b8fa159800 GCTaskThread "GC Thread#4" [stack: 0x00000064d9c00000,0x00000064d9d00000] [id=18160]
  0x000001b8fa15c800 GCTaskThread "GC Thread#5" [stack: 0x00000064d9d00000,0x00000064d9e00000] [id=17252]
  0x000001b8d52d5800 ConcurrentGCThread "G1 Main Marker" [stack: 0x00000064d8900000,0x00000064d8a00000] [id=5456]
  0x000001b8d52d8800 ConcurrentGCThread "G1 Conc#0" [stack: 0x00000064d8a00000,0x00000064d8b00000] [id=13928]
  0x000001b8f872e800 ConcurrentGCThread "G1 Refine#0" [stack: 0x00000064d8b00000,0x00000064d8c00000] [id=15012]
  0x000001b8f872f800 ConcurrentGCThread "G1 Young RemSet Sampling" [stack: 0x00000064d8c00000,0x00000064d8d00000] [id=14876]

Threads with active compile tasks:

VM state:not at safepoint (normal execution)

VM Mutex/Monitor currently owned by a thread: None

Heap address: 0x0000000701000000, size: 4080 MB, Compressed Oops mode: Zero based, Oop shift amount: 3
Narrow klass base: 0x0000000800000000, Narrow klass shift: 3
Compressed class space size: 1073741824 Address: 0x0000000801190000

Heap:
 garbage-first heap   total 262144K, used 68846K [0x0000000701000000, 0x0000000800000000)
  region size 1024K, 47 young (48128K), 3 survivors (3072K)
 Metaspace       used 15317K, capacity 16423K, committed 16512K, reserved 1064960K
  class space    used 1700K, capacity 1878K, committed 1920K, reserved 1048576K
Heap Regions: E=young(eden), S=young(survivor), O=old, HS=humongous(starts), HC=humongous(continues), CS=collection set, F=free, A=archive, TAMS=top-at-mark-start (previous, next)
|   0|0x0000000701000000, 0x0000000701100000, 0x0000000701100000|100%|HS|  |TAMS 0x0000000701000000, 0x0000000701000000| Complete 
|   1|0x0000000701100000, 0x0000000701200000, 0x0000000701200000|100%|HS|  |TAMS 0x0000000701100000, 0x0000000701100000| Complete 
|   2|0x0000000701200000, 0x0000000701300000, 0x0000000701300000|100%|HC|  |TAMS 0x0000000701200000, 0x0000000701200000| Complete 
|   3|0x0000000701300000, 0x0000000701400000, 0x0000000701400000|100%|HS|  |TAMS 0x0000000701300000, 0x0000000701300000| Complete 
|   4|0x0000000701400000, 0x0000000701500000, 0x0000000701500000|100%|HC|  |TAMS 0x0000000701400000, 0x0000000701400000| Complete 
|   5|0x0000000701500000, 0x0000000701600000, 0x0000000701600000|100%|HC|  |TAMS 0x0000000701500000, 0x0000000701500000| Complete 
|   6|0x0000000701600000, 0x0000000701700000, 0x0000000701700000|100%|HC|  |TAMS 0x0000000701600000, 0x0000000701600000| Complete 
|   7|0x0000000701700000, 0x0000000701800000, 0x0000000701800000|100%|HC|  |TAMS 0x0000000701700000, 0x0000000701700000| Complete 
|   8|0x0000000701800000, 0x0000000701900000, 0x0000000701900000|100%|HC|  |TAMS 0x0000000701800000, 0x0000000701800000| Complete 
|   9|0x0000000701900000, 0x0000000701a00000, 0x0000000701a00000|100%|HC|  |TAMS 0x0000000701900000, 0x0000000701900000| Complete 
|  10|0x0000000701a00000, 0x0000000701b00000, 0x0000000701b00000|100%|HC|  |TAMS 0x0000000701a00000, 0x0000000701a00000| Complete 
|  11|0x0000000701b00000, 0x0000000701c00000, 0x0000000701c00000|100%|HC|  |TAMS 0x0000000701b00000, 0x0000000701b00000| Complete 
|  12|0x0000000701c00000, 0x0000000701d00000, 0x0000000701d00000|100%|HS|  |TAMS 0x0000000701c00000, 0x0000000701c00000| Complete 
|  13|0x0000000701d00000, 0x0000000701e00000, 0x0000000701e00000|100%|HC|  |TAMS 0x0000000701d00000, 0x0000000701d00000| Complete 
|  14|0x0000000701e00000, 0x0000000701f00000, 0x0000000701f00000|100%| O|  |TAMS 0x0000000701e00000, 0x0000000701e00000| Untracked 
|  15|0x0000000701f00000, 0x0000000702000000, 0x0000000702000000|100%| O|  |TAMS 0x0000000701f00000, 0x0000000701f00000| Untracked 
|  16|0x0000000702000000, 0x0000000702100000, 0x0000000702100000|100%| O|  |TAMS 0x0000000702000000, 0x0000000702000000| Untracked 
|  17|0x0000000702100000, 0x0000000702200000, 0x0000000702200000|100%| O|  |TAMS 0x0000000702100000, 0x0000000702100000| Untracked 
|  18|0x0000000702200000, 0x0000000702300000, 0x0000000702300000|100%| O|  |TAMS 0x0000000702200000, 0x0000000702200000| Untracked 
|  19|0x0000000702300000, 0x0000000702400000, 0x0000000702400000|100%| O|  |TAMS 0x0000000702300000, 0x0000000702300000| Untracked 
|  20|0x0000000702400000, 0x0000000702500000, 0x0000000702500000|100%| O|  |TAMS 0x0000000702400000, 0x0000000702400000| Untracked 
|  21|0x0000000702500000, 0x0000000702600000, 0x0000000702600000|100%| O|  |TAMS 0x0000000702500000, 0x0000000702500000| Untracked 
|  22|0x0000000702600000, 0x000000070260aa00, 0x0000000702700000|  4%| O|  |TAMS 0x0000000702600000, 0x0000000702600000| Untracked 
|  23|0x0000000702700000, 0x0000000702700000, 0x0000000702800000|  0%| F|  |TAMS 0x0000000702700000, 0x0000000702700000| Untracked 
|  24|0x0000000702800000, 0x0000000702800000, 0x0000000702900000|  0%| F|  |TAMS 0x0000000702800000, 0x0000000702800000| Untracked 
|  25|0x0000000702900000, 0x0000000702900000, 0x0000000702a00000|  0%| F|  |TAMS 0x0000000702900000, 0x0000000702900000| Untracked 
|  26|0x0000000702a00000, 0x0000000702a00000, 0x0000000702b00000|  0%| F|  |TAMS 0x0000000702a00000, 0x0000000702a00000| Untracked 
|  27|0x0000000702b00000, 0x0000000702b00000, 0x0000000702c00000|  0%| F|  |TAMS 0x0000000702b00000, 0x0000000702b00000| Untracked 
|  28|0x0000000702c00000, 0x0000000702c00000, 0x0000000702d00000|  0%| F|  |TAMS 0x0000000702c00000, 0x0000000702c00000| Untracked 
|  29|0x0000000702d00000, 0x0000000702d00000, 0x0000000702e00000|  0%| F|  |TAMS 0x0000000702d00000, 0x0000000702d00000| Untracked 
|  30|0x0000000702e00000, 0x0000000702e00000, 0x0000000702f00000|  0%| F|  |TAMS 0x0000000702e00000, 0x0000000702e00000| Untracked 
|  31|0x0000000702f00000, 0x0000000702f00000, 0x0000000703000000|  0%| F|  |TAMS 0x0000000702f00000, 0x0000000702f00000| Untracked 
|  32|0x0000000703000000, 0x0000000703000000, 0x0000000703100000|  0%| F|  |TAMS 0x0000000703000000, 0x0000000703000000| Untracked 
|  33|0x0000000703100000, 0x0000000703100000, 0x0000000703200000|  0%| F|  |TAMS 0x0000000703100000, 0x0000000703100000| Untracked 
|  34|0x0000000703200000, 0x0000000703200000, 0x0000000703300000|  0%| F|  |TAMS 0x0000000703200000, 0x0000000703200000| Untracked 
|  35|0x0000000703300000, 0x0000000703300000, 0x0000000703400000|  0%| F|  |TAMS 0x0000000703300000, 0x0000000703300000| Untracked 
|  36|0x0000000703400000, 0x0000000703400000, 0x0000000703500000|  0%| F|  |TAMS 0x0000000703400000, 0x0000000703400000| Untracked 
|  37|0x0000000703500000, 0x0000000703500000, 0x0000000703600000|  0%| F|  |TAMS 0x0000000703500000, 0x0000000703500000| Untracked 
|  38|0x0000000703600000, 0x0000000703600000, 0x0000000703700000|  0%| F|  |TAMS 0x0000000703600000, 0x0000000703600000| Untracked 
|  39|0x0000000703700000, 0x0000000703700000, 0x0000000703800000|  0%| F|  |TAMS 0x0000000703700000, 0x0000000703700000| Untracked 
|  40|0x0000000703800000, 0x0000000703800000, 0x0000000703900000|  0%| F|  |TAMS 0x0000000703800000, 0x0000000703800000| Untracked 
|  41|0x0000000703900000, 0x0000000703900000, 0x0000000703a00000|  0%| F|  |TAMS 0x0000000703900000, 0x0000000703900000| Untracked 
|  42|0x0000000703a00000, 0x0000000703a00000, 0x0000000703b00000|  0%| F|  |TAMS 0x0000000703a00000, 0x0000000703a00000| Untracked 
|  43|0x0000000703b00000, 0x0000000703b00000, 0x0000000703c00000|  0%| F|  |TAMS 0x0000000703b00000, 0x0000000703b00000| Untracked 
|  44|0x0000000703c00000, 0x0000000703c00000, 0x0000000703d00000|  0%| F|  |TAMS 0x0000000703c00000, 0x0000000703c00000| Untracked 
|  45|0x0000000703d00000, 0x0000000703d00000, 0x0000000703e00000|  0%| F|  |TAMS 0x0000000703d00000, 0x0000000703d00000| Untracked 
|  46|0x0000000703e00000, 0x0000000703e00000, 0x0000000703f00000|  0%| F|  |TAMS 0x0000000703e00000, 0x0000000703e00000| Untracked 
|  47|0x0000000703f00000, 0x0000000703f00000, 0x0000000704000000|  0%| F|  |TAMS 0x0000000703f00000, 0x0000000703f00000| Untracked 
|  48|0x0000000704000000, 0x0000000704000000, 0x0000000704100000|  0%| F|  |TAMS 0x0000000704000000, 0x0000000704000000| Untracked 
|  49|0x0000000704100000, 0x0000000704100000, 0x0000000704200000|  0%| F|  |TAMS 0x0000000704100000, 0x0000000704100000| Untracked 
|  50|0x0000000704200000, 0x0000000704200000, 0x0000000704300000|  0%| F|  |TAMS 0x0000000704200000, 0x0000000704200000| Untracked 
|  51|0x0000000704300000, 0x0000000704300000, 0x0000000704400000|  0%| F|  |TAMS 0x0000000704300000, 0x0000000704300000| Untracked 
|  52|0x0000000704400000, 0x0000000704400000, 0x0000000704500000|  0%| F|  |TAMS 0x0000000704400000, 0x0000000704400000| Untracked 
|  53|0x0000000704500000, 0x0000000704500000, 0x0000000704600000|  0%| F|  |TAMS 0x0000000704500000, 0x0000000704500000| Untracked 
|  54|0x0000000704600000, 0x0000000704600000, 0x0000000704700000|  0%| F|  |TAMS 0x0000000704600000, 0x0000000704600000| Untracked 
|  55|0x0000000704700000, 0x0000000704700000, 0x0000000704800000|  0%| F|  |TAMS 0x0000000704700000, 0x0000000704700000| Untracked 
|  56|0x0000000704800000, 0x0000000704800000, 0x0000000704900000|  0%| F|  |TAMS 0x0000000704800000, 0x0000000704800000| Untracked 
|  57|0x0000000704900000, 0x0000000704900000, 0x0000000704a00000|  0%| F|  |TAMS 0x0000000704900000, 0x0000000704900000| Untracked 
|  58|0x0000000704a00000, 0x0000000704a00000, 0x0000000704b00000|  0%| F|  |TAMS 0x0000000704a00000, 0x0000000704a00000| Untracked 
|  59|0x0000000704b00000, 0x0000000704b00000, 0x0000000704c00000|  0%| F|  |TAMS 0x0000000704b00000, 0x0000000704b00000| Untracked 
|  60|0x0000000704c00000, 0x0000000704c00000, 0x0000000704d00000|  0%| F|  |TAMS 0x0000000704c00000, 0x0000000704c00000| Untracked 
|  61|0x0000000704d00000, 0x0000000704d00000, 0x0000000704e00000|  0%| F|  |TAMS 0x0000000704d00000, 0x0000000704d00000| Untracked 
|  62|0x0000000704e00000, 0x0000000704e00000, 0x0000000704f00000|  0%| F|  |TAMS 0x0000000704e00000, 0x0000000704e00000| Untracked 
|  63|0x0000000704f00000, 0x0000000704f00000, 0x0000000705000000|  0%| F|  |TAMS 0x0000000704f00000, 0x0000000704f00000| Untracked 
|  64|0x0000000705000000, 0x0000000705000000, 0x0000000705100000|  0%| F|  |TAMS 0x0000000705000000, 0x0000000705000000| Untracked 
|  65|0x0000000705100000, 0x0000000705100000, 0x0000000705200000|  0%| F|  |TAMS 0x0000000705100000, 0x0000000705100000| Untracked 
|  66|0x0000000705200000, 0x0000000705200000, 0x0000000705300000|  0%| F|  |TAMS 0x0000000705200000, 0x0000000705200000| Untracked 
|  67|0x0000000705300000, 0x0000000705300000, 0x0000000705400000|  0%| F|  |TAMS 0x0000000705300000, 0x0000000705300000| Untracked 
|  68|0x0000000705400000, 0x0000000705400000, 0x0000000705500000|  0%| F|  |TAMS 0x0000000705400000, 0x0000000705400000| Untracked 
|  69|0x0000000705500000, 0x0000000705500000, 0x0000000705600000|  0%| F|  |TAMS 0x0000000705500000, 0x0000000705500000| Untracked 
|  70|0x0000000705600000, 0x0000000705600000, 0x0000000705700000|  0%| F|  |TAMS 0x0000000705600000, 0x0000000705600000| Untracked 
|  71|0x0000000705700000, 0x0000000705700000, 0x0000000705800000|  0%| F|  |TAMS 0x0000000705700000, 0x0000000705700000| Untracked 
|  72|0x0000000705800000, 0x0000000705800000, 0x0000000705900000|  0%| F|  |TAMS 0x0000000705800000, 0x0000000705800000| Untracked 
|  73|0x0000000705900000, 0x0000000705900000, 0x0000000705a00000|  0%| F|  |TAMS 0x0000000705900000, 0x0000000705900000| Untracked 
|  74|0x0000000705a00000, 0x0000000705a00000, 0x0000000705b00000|  0%| F|  |TAMS 0x0000000705a00000, 0x0000000705a00000| Untracked 
|  75|0x0000000705b00000, 0x0000000705b00000, 0x0000000705c00000|  0%| F|  |TAMS 0x0000000705b00000, 0x0000000705b00000| Untracked 
|  76|0x0000000705c00000, 0x0000000705c00000, 0x0000000705d00000|  0%| F|  |TAMS 0x0000000705c00000, 0x0000000705c00000| Untracked 
|  77|0x0000000705d00000, 0x0000000705d00000, 0x0000000705e00000|  0%| F|  |TAMS 0x0000000705d00000, 0x0000000705d00000| Untracked 
|  78|0x0000000705e00000, 0x0000000705e00000, 0x0000000705f00000|  0%| F|  |TAMS 0x0000000705e00000, 0x0000000705e00000| Untracked 
|  79|0x0000000705f00000, 0x0000000705f00000, 0x0000000706000000|  0%| F|  |TAMS 0x0000000705f00000, 0x0000000705f00000| Untracked 
|  80|0x0000000706000000, 0x0000000706000000, 0x0000000706100000|  0%| F|  |TAMS 0x0000000706000000, 0x0000000706000000| Untracked 
|  81|0x0000000706100000, 0x0000000706100000, 0x0000000706200000|  0%| F|  |TAMS 0x0000000706100000, 0x0000000706100000| Untracked 
|  82|0x0000000706200000, 0x0000000706200000, 0x0000000706300000|  0%| F|  |TAMS 0x0000000706200000, 0x0000000706200000| Untracked 
|  83|0x0000000706300000, 0x0000000706300000, 0x0000000706400000|  0%| F|  |TAMS 0x0000000706300000, 0x0000000706300000| Untracked 
|  84|0x0000000706400000, 0x0000000706400000, 0x0000000706500000|  0%| F|  |TAMS 0x0000000706400000, 0x0000000706400000| Untracked 
|  85|0x0000000706500000, 0x0000000706500000, 0x0000000706600000|  0%| F|  |TAMS 0x0000000706500000, 0x0000000706500000| Untracked 
|  86|0x0000000706600000, 0x0000000706600000, 0x0000000706700000|  0%| F|  |TAMS 0x0000000706600000, 0x0000000706600000| Untracked 
|  87|0x0000000706700000, 0x0000000706700000, 0x0000000706800000|  0%| F|  |TAMS 0x0000000706700000, 0x0000000706700000| Untracked 
|  88|0x0000000706800000, 0x0000000706800000, 0x0000000706900000|  0%| F|  |TAMS 0x0000000706800000, 0x0000000706800000| Untracked 
|  89|0x0000000706900000, 0x0000000706900000, 0x0000000706a00000|  0%| F|  |TAMS 0x0000000706900000, 0x0000000706900000| Untracked 
|  90|0x0000000706a00000, 0x0000000706a00000, 0x0000000706b00000|  0%| F|  |TAMS 0x0000000706a00000, 0x0000000706a00000| Untracked 
|  91|0x0000000706b00000, 0x0000000706b00000, 0x0000000706c00000|  0%| F|  |TAMS 0x0000000706b00000, 0x0000000706b00000| Untracked 
|  92|0x0000000706c00000, 0x0000000706c00000, 0x0000000706d00000|  0%| F|  |TAMS 0x0000000706c00000, 0x0000000706c00000| Untracked 
|  93|0x0000000706d00000, 0x0000000706d00000, 0x0000000706e00000|  0%| F|  |TAMS 0x0000000706d00000, 0x0000000706d00000| Untracked 
|  94|0x0000000706e00000, 0x0000000706e00000, 0x0000000706f00000|  0%| F|  |TAMS 0x0000000706e00000, 0x0000000706e00000| Untracked 
|  95|0x0000000706f00000, 0x0000000706f00000, 0x0000000707000000|  0%| F|  |TAMS 0x0000000706f00000, 0x0000000706f00000| Untracked 
|  96|0x0000000707000000, 0x0000000707000000, 0x0000000707100000|  0%| F|  |TAMS 0x0000000707000000, 0x0000000707000000| Untracked 
|  97|0x0000000707100000, 0x0000000707100000, 0x0000000707200000|  0%| F|  |TAMS 0x0000000707100000, 0x0000000707100000| Untracked 
|  98|0x0000000707200000, 0x0000000707200000, 0x0000000707300000|  0%| F|  |TAMS 0x0000000707200000, 0x0000000707200000| Untracked 
|  99|0x0000000707300000, 0x0000000707300000, 0x0000000707400000|  0%| F|  |TAMS 0x0000000707300000, 0x0000000707300000| Untracked 
| 100|0x0000000707400000, 0x0000000707400000, 0x0000000707500000|  0%| F|  |TAMS 0x0000000707400000, 0x0000000707400000| Untracked 
| 101|0x0000000707500000, 0x0000000707500000, 0x0000000707600000|  0%| F|  |TAMS 0x0000000707500000, 0x0000000707500000| Untracked 
| 102|0x0000000707600000, 0x0000000707630ee8, 0x0000000707700000| 19%| S|CS|TAMS 0x0000000707600000, 0x0000000707600000| Complete 
| 103|0x0000000707700000, 0x0000000707700000, 0x0000000707800000|  0%| F|  |TAMS 0x0000000707700000, 0x0000000707700000| Untracked 
| 104|0x0000000707800000, 0x0000000707900000, 0x0000000707900000|100%| S|CS|TAMS 0x0000000707800000, 0x0000000707800000| Complete 
| 105|0x0000000707900000, 0x0000000707a00000, 0x0000000707a00000|100%| S|CS|TAMS 0x0000000707900000, 0x0000000707900000| Complete 
| 106|0x0000000707a00000, 0x0000000707a00000, 0x0000000707b00000|  0%| F|  |TAMS 0x0000000707a00000, 0x0000000707a00000| Untracked 
| 107|0x0000000707b00000, 0x0000000707b00000, 0x0000000707c00000|  0%| F|  |TAMS 0x0000000707b00000, 0x0000000707b00000| Untracked 
| 108|0x0000000707c00000, 0x0000000707c00000, 0x0000000707d00000|  0%| F|  |TAMS 0x0000000707c00000, 0x0000000707c00000| Untracked 
| 109|0x0000000707d00000, 0x0000000707d00000, 0x0000000707e00000|  0%| F|  |TAMS 0x0000000707d00000, 0x0000000707d00000| Untracked 
| 110|0x0000000707e00000, 0x0000000707e00000, 0x0000000707f00000|  0%| F|  |TAMS 0x0000000707e00000, 0x0000000707e00000| Untracked 
| 111|0x0000000707f00000, 0x0000000707f00000, 0x0000000708000000|  0%| F|  |TAMS 0x0000000707f00000, 0x0000000707f00000| Untracked 
| 112|0x0000000708000000, 0x0000000708000000, 0x0000000708100000|  0%| F|  |TAMS 0x0000000708000000, 0x0000000708000000| Untracked 
| 113|0x0000000708100000, 0x0000000708100000, 0x0000000708200000|  0%| F|  |TAMS 0x0000000708100000, 0x0000000708100000| Untracked 
| 114|0x0000000708200000, 0x0000000708200000, 0x0000000708300000|  0%| F|  |TAMS 0x0000000708200000, 0x0000000708200000| Untracked 
| 115|0x0000000708300000, 0x0000000708300000, 0x0000000708400000|  0%| F|  |TAMS 0x0000000708300000, 0x0000000708300000| Untracked 
| 116|0x0000000708400000, 0x0000000708400000, 0x0000000708500000|  0%| F|  |TAMS 0x0000000708400000, 0x0000000708400000| Untracked 
| 117|0x0000000708500000, 0x0000000708500000, 0x0000000708600000|  0%| F|  |TAMS 0x0000000708500000, 0x0000000708500000| Untracked 
| 118|0x0000000708600000, 0x0000000708600000, 0x0000000708700000|  0%| F|  |TAMS 0x0000000708600000, 0x0000000708600000| Untracked 
| 119|0x0000000708700000, 0x0000000708700000, 0x0000000708800000|  0%| F|  |TAMS 0x0000000708700000, 0x0000000708700000| Untracked 
| 120|0x0000000708800000, 0x0000000708800000, 0x0000000708900000|  0%| F|  |TAMS 0x0000000708800000, 0x0000000708800000| Untracked 
| 121|0x0000000708900000, 0x0000000708900000, 0x0000000708a00000|  0%| F|  |TAMS 0x0000000708900000, 0x0000000708900000| Untracked 
| 122|0x0000000708a00000, 0x0000000708a00000, 0x0000000708b00000|  0%| F|  |TAMS 0x0000000708a00000, 0x0000000708a00000| Untracked 
| 123|0x0000000708b00000, 0x0000000708b00000, 0x0000000708c00000|  0%| F|  |TAMS 0x0000000708b00000, 0x0000000708b00000| Untracked 
| 124|0x0000000708c00000, 0x0000000708c00000, 0x0000000708d00000|  0%| F|  |TAMS 0x0000000708c00000, 0x0000000708c00000| Untracked 
| 125|0x0000000708d00000, 0x0000000708d00000, 0x0000000708e00000|  0%| F|  |TAMS 0x0000000708d00000, 0x0000000708d00000| Untracked 
| 126|0x0000000708e00000, 0x0000000708e00000, 0x0000000708f00000|  0%| F|  |TAMS 0x0000000708e00000, 0x0000000708e00000| Untracked 
| 127|0x0000000708f00000, 0x0000000708f00000, 0x0000000709000000|  0%| F|  |TAMS 0x0000000708f00000, 0x0000000708f00000| Untracked 
| 128|0x0000000709000000, 0x0000000709000000, 0x0000000709100000|  0%| F|  |TAMS 0x0000000709000000, 0x0000000709000000| Untracked 
| 129|0x0000000709100000, 0x0000000709100000, 0x0000000709200000|  0%| F|  |TAMS 0x0000000709100000, 0x0000000709100000| Untracked 
| 130|0x0000000709200000, 0x0000000709200000, 0x0000000709300000|  0%| F|  |TAMS 0x0000000709200000, 0x0000000709200000| Untracked 
| 131|0x0000000709300000, 0x0000000709300000, 0x0000000709400000|  0%| F|  |TAMS 0x0000000709300000, 0x0000000709300000| Untracked 
| 132|0x0000000709400000, 0x0000000709400000, 0x0000000709500000|  0%| F|  |TAMS 0x0000000709400000, 0x0000000709400000| Untracked 
| 133|0x0000000709500000, 0x0000000709500000, 0x0000000709600000|  0%| F|  |TAMS 0x0000000709500000, 0x0000000709500000| Untracked 
| 134|0x0000000709600000, 0x0000000709600000, 0x0000000709700000|  0%| F|  |TAMS 0x0000000709600000, 0x0000000709600000| Untracked 
| 135|0x0000000709700000, 0x0000000709700000, 0x0000000709800000|  0%| F|  |TAMS 0x0000000709700000, 0x0000000709700000| Untracked 
| 136|0x0000000709800000, 0x0000000709800000, 0x0000000709900000|  0%| F|  |TAMS 0x0000000709800000, 0x0000000709800000| Untracked 
| 137|0x0000000709900000, 0x0000000709900000, 0x0000000709a00000|  0%| F|  |TAMS 0x0000000709900000, 0x0000000709900000| Untracked 
| 138|0x0000000709a00000, 0x0000000709a00000, 0x0000000709b00000|  0%| F|  |TAMS 0x0000000709a00000, 0x0000000709a00000| Untracked 
| 139|0x0000000709b00000, 0x0000000709b00000, 0x0000000709c00000|  0%| F|  |TAMS 0x0000000709b00000, 0x0000000709b00000| Untracked 
| 140|0x0000000709c00000, 0x0000000709c00000, 0x0000000709d00000|  0%| F|  |TAMS 0x0000000709c00000, 0x0000000709c00000| Untracked 
| 141|0x0000000709d00000, 0x0000000709d00000, 0x0000000709e00000|  0%| F|  |TAMS 0x0000000709d00000, 0x0000000709d00000| Untracked 
| 142|0x0000000709e00000, 0x0000000709e00000, 0x0000000709f00000|  0%| F|  |TAMS 0x0000000709e00000, 0x0000000709e00000| Untracked 
| 143|0x0000000709f00000, 0x0000000709f00000, 0x000000070a000000|  0%| F|  |TAMS 0x0000000709f00000, 0x0000000709f00000| Untracked 
| 144|0x000000070a000000, 0x000000070a000000, 0x000000070a100000|  0%| F|  |TAMS 0x000000070a000000, 0x000000070a000000| Untracked 
| 145|0x000000070a100000, 0x000000070a100000, 0x000000070a200000|  0%| F|  |TAMS 0x000000070a100000, 0x000000070a100000| Untracked 
| 146|0x000000070a200000, 0x000000070a200000, 0x000000070a300000|  0%| F|  |TAMS 0x000000070a200000, 0x000000070a200000| Untracked 
| 147|0x000000070a300000, 0x000000070a300000, 0x000000070a400000|  0%| F|  |TAMS 0x000000070a300000, 0x000000070a300000| Untracked 
| 148|0x000000070a400000, 0x000000070a400000, 0x000000070a500000|  0%| F|  |TAMS 0x000000070a400000, 0x000000070a400000| Untracked 
| 149|0x000000070a500000, 0x000000070a500000, 0x000000070a600000|  0%| F|  |TAMS 0x000000070a500000, 0x000000070a500000| Untracked 
| 150|0x000000070a600000, 0x000000070a600000, 0x000000070a700000|  0%| F|  |TAMS 0x000000070a600000, 0x000000070a600000| Untracked 
| 151|0x000000070a700000, 0x000000070a700000, 0x000000070a800000|  0%| F|  |TAMS 0x000000070a700000, 0x000000070a700000| Untracked 
| 152|0x000000070a800000, 0x000000070a800000, 0x000000070a900000|  0%| F|  |TAMS 0x000000070a800000, 0x000000070a800000| Untracked 
| 153|0x000000070a900000, 0x000000070a900000, 0x000000070aa00000|  0%| F|  |TAMS 0x000000070a900000, 0x000000070a900000| Untracked 
| 154|0x000000070aa00000, 0x000000070aa00000, 0x000000070ab00000|  0%| F|  |TAMS 0x000000070aa00000, 0x000000070aa00000| Untracked 
| 155|0x000000070ab00000, 0x000000070ab00000, 0x000000070ac00000|  0%| F|  |TAMS 0x000000070ab00000, 0x000000070ab00000| Untracked 
| 156|0x000000070ac00000, 0x000000070ac00000, 0x000000070ad00000|  0%| F|  |TAMS 0x000000070ac00000, 0x000000070ac00000| Untracked 
| 157|0x000000070ad00000, 0x000000070ad00000, 0x000000070ae00000|  0%| F|  |TAMS 0x000000070ad00000, 0x000000070ad00000| Untracked 
| 158|0x000000070ae00000, 0x000000070ae00000, 0x000000070af00000|  0%| F|  |TAMS 0x000000070ae00000, 0x000000070ae00000| Untracked 
| 159|0x000000070af00000, 0x000000070af00000, 0x000000070b000000|  0%| F|  |TAMS 0x000000070af00000, 0x000000070af00000| Untracked 
| 160|0x000000070b000000, 0x000000070b000000, 0x000000070b100000|  0%| F|  |TAMS 0x000000070b000000, 0x000000070b000000| Untracked 
| 161|0x000000070b100000, 0x000000070b100000, 0x000000070b200000|  0%| F|  |TAMS 0x000000070b100000, 0x000000070b100000| Untracked 
| 162|0x000000070b200000, 0x000000070b200000, 0x000000070b300000|  0%| F|  |TAMS 0x000000070b200000, 0x000000070b200000| Untracked 
| 163|0x000000070b300000, 0x000000070b300000, 0x000000070b400000|  0%| F|  |TAMS 0x000000070b300000, 0x000000070b300000| Untracked 
| 164|0x000000070b400000, 0x000000070b400000, 0x000000070b500000|  0%| F|  |TAMS 0x000000070b400000, 0x000000070b400000| Untracked 
| 165|0x000000070b500000, 0x000000070b500000, 0x000000070b600000|  0%| F|  |TAMS 0x000000070b500000, 0x000000070b500000| Untracked 
| 166|0x000000070b600000, 0x000000070b600000, 0x000000070b700000|  0%| F|  |TAMS 0x000000070b600000, 0x000000070b600000| Untracked 
| 167|0x000000070b700000, 0x000000070b700000, 0x000000070b800000|  0%| F|  |TAMS 0x000000070b700000, 0x000000070b700000| Untracked 
| 168|0x000000070b800000, 0x000000070b800000, 0x000000070b900000|  0%| F|  |TAMS 0x000000070b800000, 0x000000070b800000| Untracked 
| 169|0x000000070b900000, 0x000000070b900000, 0x000000070ba00000|  0%| F|  |TAMS 0x000000070b900000, 0x000000070b900000| Untracked 
| 170|0x000000070ba00000, 0x000000070ba00000, 0x000000070bb00000|  0%| F|  |TAMS 0x000000070ba00000, 0x000000070ba00000| Untracked 
| 171|0x000000070bb00000, 0x000000070bb00000, 0x000000070bc00000|  0%| F|  |TAMS 0x000000070bb00000, 0x000000070bb00000| Untracked 
| 172|0x000000070bc00000, 0x000000070bc00000, 0x000000070bd00000|  0%| F|  |TAMS 0x000000070bc00000, 0x000000070bc00000| Untracked 
| 173|0x000000070bd00000, 0x000000070bd00000, 0x000000070be00000|  0%| F|  |TAMS 0x000000070bd00000, 0x000000070bd00000| Untracked 
| 174|0x000000070be00000, 0x000000070be00000, 0x000000070bf00000|  0%| F|  |TAMS 0x000000070be00000, 0x000000070be00000| Untracked 
| 175|0x000000070bf00000, 0x000000070bf00000, 0x000000070c000000|  0%| F|  |TAMS 0x000000070bf00000, 0x000000070bf00000| Untracked 
| 176|0x000000070c000000, 0x000000070c000000, 0x000000070c100000|  0%| F|  |TAMS 0x000000070c000000, 0x000000070c000000| Untracked 
| 177|0x000000070c100000, 0x000000070c100000, 0x000000070c200000|  0%| F|  |TAMS 0x000000070c100000, 0x000000070c100000| Untracked 
| 178|0x000000070c200000, 0x000000070c200000, 0x000000070c300000|  0%| F|  |TAMS 0x000000070c200000, 0x000000070c200000| Untracked 
| 179|0x000000070c300000, 0x000000070c300000, 0x000000070c400000|  0%| F|  |TAMS 0x000000070c300000, 0x000000070c300000| Untracked 
| 180|0x000000070c400000, 0x000000070c400000, 0x000000070c500000|  0%| F|  |TAMS 0x000000070c400000, 0x000000070c400000| Untracked 
| 181|0x000000070c500000, 0x000000070c500000, 0x000000070c600000|  0%| F|  |TAMS 0x000000070c500000, 0x000000070c500000| Untracked 
| 182|0x000000070c600000, 0x000000070c600000, 0x000000070c700000|  0%| F|  |TAMS 0x000000070c600000, 0x000000070c600000| Untracked 
| 183|0x000000070c700000, 0x000000070c700000, 0x000000070c800000|  0%| F|  |TAMS 0x000000070c700000, 0x000000070c700000| Untracked 
| 184|0x000000070c800000, 0x000000070c800000, 0x000000070c900000|  0%| F|  |TAMS 0x000000070c800000, 0x000000070c800000| Untracked 
| 185|0x000000070c900000, 0x000000070c900000, 0x000000070ca00000|  0%| F|  |TAMS 0x000000070c900000, 0x000000070c900000| Untracked 
| 186|0x000000070ca00000, 0x000000070ca00000, 0x000000070cb00000|  0%| F|  |TAMS 0x000000070ca00000, 0x000000070ca00000| Untracked 
| 187|0x000000070cb00000, 0x000000070cb00000, 0x000000070cc00000|  0%| F|  |TAMS 0x000000070cb00000, 0x000000070cb00000| Untracked 
| 188|0x000000070cc00000, 0x000000070cc00000, 0x000000070cd00000|  0%| F|  |TAMS 0x000000070cc00000, 0x000000070cc00000| Untracked 
| 189|0x000000070cd00000, 0x000000070cd00000, 0x000000070ce00000|  0%| F|  |TAMS 0x000000070cd00000, 0x000000070cd00000| Untracked 
| 190|0x000000070ce00000, 0x000000070ce00000, 0x000000070cf00000|  0%| F|  |TAMS 0x000000070ce00000, 0x000000070ce00000| Untracked 
| 191|0x000000070cf00000, 0x000000070cf00000, 0x000000070d000000|  0%| F|  |TAMS 0x000000070cf00000, 0x000000070cf00000| Untracked 
| 192|0x000000070d000000, 0x000000070d000000, 0x000000070d100000|  0%| F|  |TAMS 0x000000070d000000, 0x000000070d000000| Untracked 
| 193|0x000000070d100000, 0x000000070d100000, 0x000000070d200000|  0%| F|  |TAMS 0x000000070d100000, 0x000000070d100000| Untracked 
| 194|0x000000070d200000, 0x000000070d200000, 0x000000070d300000|  0%| F|  |TAMS 0x000000070d200000, 0x000000070d200000| Untracked 
| 195|0x000000070d300000, 0x000000070d300000, 0x000000070d400000|  0%| F|  |TAMS 0x000000070d300000, 0x000000070d300000| Untracked 
| 196|0x000000070d400000, 0x000000070d400000, 0x000000070d500000|  0%| F|  |TAMS 0x000000070d400000, 0x000000070d400000| Untracked 
| 197|0x000000070d500000, 0x000000070d500000, 0x000000070d600000|  0%| F|  |TAMS 0x000000070d500000, 0x000000070d500000| Untracked 
| 198|0x000000070d600000, 0x000000070d600000, 0x000000070d700000|  0%| F|  |TAMS 0x000000070d600000, 0x000000070d600000| Untracked 
| 199|0x000000070d700000, 0x000000070d700000, 0x000000070d800000|  0%| F|  |TAMS 0x000000070d700000, 0x000000070d700000| Untracked 
| 200|0x000000070d800000, 0x000000070d800000, 0x000000070d900000|  0%| F|  |TAMS 0x000000070d800000, 0x000000070d800000| Untracked 
| 201|0x000000070d900000, 0x000000070d900000, 0x000000070da00000|  0%| F|  |TAMS 0x000000070d900000, 0x000000070d900000| Untracked 
| 202|0x000000070da00000, 0x000000070da00000, 0x000000070db00000|  0%| F|  |TAMS 0x000000070da00000, 0x000000070da00000| Untracked 
| 203|0x000000070db00000, 0x000000070db00000, 0x000000070dc00000|  0%| F|  |TAMS 0x000000070db00000, 0x000000070db00000| Untracked 
| 204|0x000000070dc00000, 0x000000070dc00000, 0x000000070dd00000|  0%| F|  |TAMS 0x000000070dc00000, 0x000000070dc00000| Untracked 
| 205|0x000000070dd00000, 0x000000070dd00000, 0x000000070de00000|  0%| F|  |TAMS 0x000000070dd00000, 0x000000070dd00000| Untracked 
| 206|0x000000070de00000, 0x000000070de00000, 0x000000070df00000|  0%| F|  |TAMS 0x000000070de00000, 0x000000070de00000| Untracked 
| 207|0x000000070df00000, 0x000000070df00000, 0x000000070e000000|  0%| F|  |TAMS 0x000000070df00000, 0x000000070df00000| Untracked 
| 208|0x000000070e000000, 0x000000070e000000, 0x000000070e100000|  0%| F|  |TAMS 0x000000070e000000, 0x000000070e000000| Untracked 
| 209|0x000000070e100000, 0x000000070e100000, 0x000000070e200000|  0%| F|  |TAMS 0x000000070e100000, 0x000000070e100000| Untracked 
| 210|0x000000070e200000, 0x000000070e200000, 0x000000070e300000|  0%| F|  |TAMS 0x000000070e200000, 0x000000070e200000| Untracked 
| 211|0x000000070e300000, 0x000000070e300000, 0x000000070e400000|  0%| F|  |TAMS 0x000000070e300000, 0x000000070e300000| Untracked 
| 212|0x000000070e400000, 0x000000070e500000, 0x000000070e500000|100%| E|  |TAMS 0x000000070e400000, 0x000000070e400000| Complete 
| 213|0x000000070e500000, 0x000000070e600000, 0x000000070e600000|100%| E|CS|TAMS 0x000000070e500000, 0x000000070e500000| Complete 
| 214|0x000000070e600000, 0x000000070e700000, 0x000000070e700000|100%| E|CS|TAMS 0x000000070e600000, 0x000000070e600000| Complete 
| 215|0x000000070e700000, 0x000000070e800000, 0x000000070e800000|100%| E|CS|TAMS 0x000000070e700000, 0x000000070e700000| Complete 
| 216|0x000000070e800000, 0x000000070e900000, 0x000000070e900000|100%| E|CS|TAMS 0x000000070e800000, 0x000000070e800000| Complete 
| 217|0x000000070e900000, 0x000000070ea00000, 0x000000070ea00000|100%| E|CS|TAMS 0x000000070e900000, 0x000000070e900000| Complete 
| 218|0x000000070ea00000, 0x000000070eb00000, 0x000000070eb00000|100%| E|CS|TAMS 0x000000070ea00000, 0x000000070ea00000| Complete 
| 219|0x000000070eb00000, 0x000000070ec00000, 0x000000070ec00000|100%| E|CS|TAMS 0x000000070eb00000, 0x000000070eb00000| Complete 
| 220|0x000000070ec00000, 0x000000070ed00000, 0x000000070ed00000|100%| E|CS|TAMS 0x000000070ec00000, 0x000000070ec00000| Complete 
| 221|0x000000070ed00000, 0x000000070ee00000, 0x000000070ee00000|100%| E|CS|TAMS 0x000000070ed00000, 0x000000070ed00000| Complete 
| 222|0x000000070ee00000, 0x000000070ef00000, 0x000000070ef00000|100%| E|CS|TAMS 0x000000070ee00000, 0x000000070ee00000| Complete 
| 223|0x000000070ef00000, 0x000000070f000000, 0x000000070f000000|100%| E|CS|TAMS 0x000000070ef00000, 0x000000070ef00000| Complete 
| 224|0x000000070f000000, 0x000000070f100000, 0x000000070f100000|100%| E|CS|TAMS 0x000000070f000000, 0x000000070f000000| Complete 
| 225|0x000000070f100000, 0x000000070f200000, 0x000000070f200000|100%| E|CS|TAMS 0x000000070f100000, 0x000000070f100000| Complete 
| 226|0x000000070f200000, 0x000000070f300000, 0x000000070f300000|100%| E|CS|TAMS 0x000000070f200000, 0x000000070f200000| Complete 
| 227|0x000000070f300000, 0x000000070f400000, 0x000000070f400000|100%| E|CS|TAMS 0x000000070f300000, 0x000000070f300000| Complete 
| 228|0x000000070f400000, 0x000000070f500000, 0x000000070f500000|100%| E|CS|TAMS 0x000000070f400000, 0x000000070f400000| Complete 
| 229|0x000000070f500000, 0x000000070f600000, 0x000000070f600000|100%| E|CS|TAMS 0x000000070f500000, 0x000000070f500000| Complete 
| 230|0x000000070f600000, 0x000000070f700000, 0x000000070f700000|100%| E|CS|TAMS 0x000000070f600000, 0x000000070f600000| Complete 
| 231|0x000000070f700000, 0x000000070f800000, 0x000000070f800000|100%| E|CS|TAMS 0x000000070f700000, 0x000000070f700000| Complete 
| 232|0x000000070f800000, 0x000000070f900000, 0x000000070f900000|100%| E|CS|TAMS 0x000000070f800000, 0x000000070f800000| Complete 
| 233|0x000000070f900000, 0x000000070fa00000, 0x000000070fa00000|100%| E|CS|TAMS 0x000000070f900000, 0x000000070f900000| Complete 
| 234|0x000000070fa00000, 0x000000070fb00000, 0x000000070fb00000|100%| E|CS|TAMS 0x000000070fa00000, 0x000000070fa00000| Complete 
| 235|0x000000070fb00000, 0x000000070fc00000, 0x000000070fc00000|100%| E|CS|TAMS 0x000000070fb00000, 0x000000070fb00000| Complete 
| 236|0x000000070fc00000, 0x000000070fd00000, 0x000000070fd00000|100%| E|CS|TAMS 0x000000070fc00000, 0x000000070fc00000| Complete 
| 237|0x000000070fd00000, 0x000000070fe00000, 0x000000070fe00000|100%| E|CS|TAMS 0x000000070fd00000, 0x000000070fd00000| Complete 
| 238|0x000000070fe00000, 0x000000070ff00000, 0x000000070ff00000|100%| E|CS|TAMS 0x000000070fe00000, 0x000000070fe00000| Complete 
| 239|0x000000070ff00000, 0x0000000710000000, 0x0000000710000000|100%| E|CS|TAMS 0x000000070ff00000, 0x000000070ff00000| Complete 
| 240|0x0000000710000000, 0x0000000710100000, 0x0000000710100000|100%| E|CS|TAMS 0x0000000710000000, 0x0000000710000000| Complete 
| 241|0x0000000710100000, 0x0000000710200000, 0x0000000710200000|100%| E|CS|TAMS 0x0000000710100000, 0x0000000710100000| Complete 
| 242|0x0000000710200000, 0x0000000710300000, 0x0000000710300000|100%| E|CS|TAMS 0x0000000710200000, 0x0000000710200000| Complete 
| 243|0x0000000710300000, 0x0000000710400000, 0x0000000710400000|100%| E|CS|TAMS 0x0000000710300000, 0x0000000710300000| Complete 
| 244|0x0000000710400000, 0x0000000710500000, 0x0000000710500000|100%| E|CS|TAMS 0x0000000710400000, 0x0000000710400000| Complete 
| 245|0x0000000710500000, 0x0000000710600000, 0x0000000710600000|100%| E|CS|TAMS 0x0000000710500000, 0x0000000710500000| Complete 
| 246|0x0000000710600000, 0x0000000710700000, 0x0000000710700000|100%| E|CS|TAMS 0x0000000710600000, 0x0000000710600000| Complete 
| 247|0x0000000710700000, 0x0000000710800000, 0x0000000710800000|100%| E|CS|TAMS 0x0000000710700000, 0x0000000710700000| Complete 
| 248|0x0000000710800000, 0x0000000710900000, 0x0000000710900000|100%| E|CS|TAMS 0x0000000710800000, 0x0000000710800000| Complete 
| 249|0x0000000710900000, 0x0000000710a00000, 0x0000000710a00000|100%| E|CS|TAMS 0x0000000710900000, 0x0000000710900000| Complete 
| 250|0x0000000710a00000, 0x0000000710b00000, 0x0000000710b00000|100%| E|CS|TAMS 0x0000000710a00000, 0x0000000710a00000| Complete 
| 251|0x0000000710b00000, 0x0000000710c00000, 0x0000000710c00000|100%| E|CS|TAMS 0x0000000710b00000, 0x0000000710b00000| Complete 
| 252|0x0000000710c00000, 0x0000000710d00000, 0x0000000710d00000|100%| E|CS|TAMS 0x0000000710c00000, 0x0000000710c00000| Complete 
| 253|0x0000000710d00000, 0x0000000710e00000, 0x0000000710e00000|100%| E|CS|TAMS 0x0000000710d00000, 0x0000000710d00000| Complete 
| 254|0x0000000710e00000, 0x0000000710f00000, 0x0000000710f00000|100%| E|CS|TAMS 0x0000000710e00000, 0x0000000710e00000| Complete 
| 255|0x0000000710f00000, 0x0000000711000000, 0x0000000711000000|100%| E|CS|TAMS 0x0000000710f00000, 0x0000000710f00000| Complete 

Card table byte_map: [0x000001b8ecf60000,0x000001b8ed760000] _byte_map_base: 0x000001b8e9758000

Marking Bits (Prev, Next): (CMBitMap*) 0x000001b8d52bba28, (CMBitMap*) 0x000001b8d52bba68
 Prev Bits: [0x000001b8edf60000, 0x000001b8f1f20000)
 Next Bits: [0x000001b8f1f20000, 0x000001b8f5ee0000)

Polling page: 0x000001b8d30b0000

Metaspace:

Usage:
  Non-class:     14.20 MB capacity,    13.30 MB ( 94%) used,   909.60 KB (  6%) free+waste,    18.06 KB ( <1%) overhead. 
      Class:      1.83 MB capacity,     1.66 MB ( 91%) used,   170.19 KB (  9%) free+waste,     7.69 KB ( <1%) overhead. 
       Both:     16.04 MB capacity,    14.96 MB ( 93%) used,     1.05 MB (  7%) free+waste,    25.75 KB ( <1%) overhead. 

Virtual space:
  Non-class space:       16.00 MB reserved,      14.25 MB ( 89%) committed 
      Class space:        1.00 GB reserved,       1.88 MB ( <1%) committed 
             Both:        1.02 GB reserved,      16.13 MB (  2%) committed 

Chunk freelists:
   Non-Class:  5.88 KB
       Class:  1.25 KB
        Both:  7.13 KB

CodeHeap 'non-profiled nmethods': size=120064Kb used=2043Kb max_used=2043Kb free=118020Kb
 bounds [0x000001b8e5100000, 0x000001b8e5370000, 0x000001b8ec640000]
CodeHeap 'profiled nmethods': size=120000Kb used=7281Kb max_used=7281Kb free=112718Kb
 bounds [0x000001b8ddbd0000, 0x000001b8de2f0000, 0x000001b8e5100000]
CodeHeap 'non-nmethods': size=5696Kb used=1348Kb max_used=1372Kb free=4347Kb
 bounds [0x000001b8dd640000, 0x000001b8dd8b0000, 0x000001b8ddbd0000]
 total_blobs=4382 nmethods=2736 adapters=678
 compilation: enabled
              stopped_count=0, restarted_count=0
 full_count=0

Compilation events (10 events):
Event: 54.802 Thread 0x000001b8f90eb000 2735  s    3       sun.security.provider.AbstractDrbg::instantiateIfNecessary (60 bytes)
Event: 54.802 Thread 0x000001b8f90eb000 nmethod 2735 0x000001b8de2e7090 code [0x000001b8de2e72a0, 0x000001b8de2e79e0]
Event: 54.802 Thread 0x000001b8f90eb000 2738       3       java.security.MessageDigest::digest (10 bytes)
Event: 54.802 Thread 0x000001b8f90eb000 nmethod 2738 0x000001b8de2e7b10 code [0x000001b8de2e7d00, 0x000001b8de2e8220]
Event: 54.802 Thread 0x000001b8f90eb000 2736  s    3       sun.security.provider.HashDrbg::generateAlgorithm (188 bytes)
Event: 54.803 Thread 0x000001b8f90eb000 nmethod 2736 0x000001b8de2e8390 code [0x000001b8de2e86a0, 0x000001b8de2ea240]
Event: 54.803 Thread 0x000001b8f90eb000 2737   !   3       sun.security.provider.HashDrbg::hashGen (143 bytes)
Event: 54.805 Thread 0x000001b8f90eb000 nmethod 2737 0x000001b8de2ea890 code [0x000001b8de2eab40, 0x000001b8de2ebd00]
Event: 55.770 Thread 0x000001b8f90eb000 2739       3       java.util.Arrays$ArrayList::toArray (15 bytes)
Event: 55.779 Thread 0x000001b8f90eb000 nmethod 2739 0x000001b8de2ec290 code [0x000001b8de2ec460, 0x000001b8de2ec630]

GC Heap History (10 events):
Event: 6.065 GC heap before
{Heap before GC invocations=24 (full 0):
 garbage-first heap   total 262144K, used 179081K [0x0000000701000000, 0x0000000800000000)
  region size 1024K, 153 young (156672K), 2 survivors (2048K)
 Metaspace       used 12736K, capacity 14451K, committed 14592K, reserved 1062912K
  class space    used 1490K, capacity 1710K, committed 1792K, reserved 1048576K
}
Event: 6.066 GC heap after
{Heap after GC invocations=25 (full 0):
 garbage-first heap   total 262144K, used 24533K [0x0000000701000000, 0x0000000800000000)
  region size 1024K, 2 young (2048K), 2 survivors (2048K)
 Metaspace       used 12736K, capacity 14451K, committed 14592K, reserved 1062912K
  class space    used 1490K, capacity 1710K, committed 1792K, reserved 1048576K
}
Event: 6.245 GC heap before
{Heap before GC invocations=25 (full 0):
 garbage-first heap   total 262144K, used 179157K [0x0000000701000000, 0x0000000800000000)
  region size 1024K, 153 young (156672K), 2 survivors (2048K)
 Metaspace       used 12874K, capacity 14611K, committed 14848K, reserved 1062912K
  class space    used 1514K, capacity 1742K, committed 1792K, reserved 1048576K
}
Event: 6.246 GC heap after
{Heap after GC invocations=26 (full 0):
 garbage-first heap   total 262144K, used 24471K [0x0000000701000000, 0x0000000800000000)
  region size 1024K, 2 young (2048K), 2 survivors (2048K)
 Metaspace       used 12874K, capacity 14611K, committed 14848K, reserved 1062912K
  class space    used 1514K, capacity 1742K, committed 1792K, reserved 1048576K
}
Event: 6.396 GC heap before
{Heap before GC invocations=26 (full 0):
 garbage-first heap   total 262144K, used 179095K [0x0000000701000000, 0x0000000800000000)
  region size 1024K, 153 young (156672K), 2 survivors (2048K)
 Metaspace       used 12874K, capacity 14611K, committed 14848K, reserved 1062912K
  class space    used 1514K, capacity 1742K, committed 1792K, reserved 1048576K
}
Event: 6.397 GC heap after
{Heap after GC invocations=27 (full 0):
 garbage-first heap   total 262144K, used 24601K [0x0000000701000000, 0x0000000800000000)
  region size 1024K, 2 young (2048K), 2 survivors (2048K)
 Metaspace       used 12874K, capacity 14611K, committed 14848K, reserved 1062912K
  class space    used 1514K, capacity 1742K, committed 1792K, reserved 1048576K
}
Event: 6.731 GC heap before
{Heap before GC invocations=27 (full 0):
 garbage-first heap   total 262144K, used 179225K [0x0000000701000000, 0x0000000800000000)
  region size 1024K, 153 young (156672K), 2 survivors (2048K)
 Metaspace       used 14168K, capacity 15396K, committed 15744K, reserved 1062912K
  class space    used 1637K, capacity 1813K, committed 1920K, reserved 1048576K
}
Event: 6.733 GC heap after
{Heap after GC invocations=28 (full 0):
 garbage-first heap   total 262144K, used 24916K [0x0000000701000000, 0x0000000800000000)
  region size 1024K, 3 young (3072K), 3 survivors (3072K)
 Metaspace       used 14168K, capacity 15396K, committed 15744K, reserved 1062912K
  class space    used 1637K, capacity 1813K, committed 1920K, reserved 1048576K
}
Event: 6.899 GC heap before
{Heap before GC invocations=28 (full 0):
 garbage-first heap   total 262144K, used 178516K [0x0000000701000000, 0x0000000800000000)
  region size 1024K, 153 young (156672K), 3 survivors (3072K)
 Metaspace       used 14172K, capacity 15396K, committed 15744K, reserved 1062912K
  class space    used 1637K, capacity 1813K, committed 1920K, reserved 1048576K
}
Event: 6.900 GC heap after
{Heap after GC invocations=29 (full 0):
 garbage-first heap   total 262144K, used 24814K [0x0000000701000000, 0x0000000800000000)
  region size 1024K, 3 young (3072K), 3 survivors (3072K)
 Metaspace       used 14172K, capacity 15396K, committed 15744K, reserved 1062912K
  class space    used 1637K, capacity 1813K, committed 1920K, reserved 1048576K
}

Deoptimization events (10 events):
Event: 4.088 Thread 0x000001b8d5257800 Uncommon trap: reason=unstable_if action=reinterpret pc=0x000001b8e51b43fc method=java.io.File.<init>(Ljava/lang/String;)V @ 10 c2
Event: 4.309 Thread 0x000001b8d5257800 Uncommon trap: reason=unstable_if action=reinterpret pc=0x000001b8e514ea00 method=java.lang.ThreadLocal$ThreadLocalMap.getEntry(Ljava/lang/ThreadLocal;)Ljava/lang/ThreadLocal$ThreadLocalMap$Entry; @ 29 c2
Event: 4.433 Thread 0x000001b8d5257800 Uncommon trap: reason=unstable_if action=reinterpret pc=0x000001b8e51fd0c8 method=java.net.URI.getPath()Ljava/lang/String; @ 6 c2
Event: 4.972 Thread 0x000001b8d5257800 Uncommon trap: reason=unstable_if action=reinterpret pc=0x000001b8e52455a8 method=jdk.internal.loader.URLClassPath$FileLoader.getResource(Ljava/lang/String;Z)Ljdk/internal/loader/Resource; @ 139 c2
Event: 5.761 Thread 0x000001b8d5257800 Uncommon trap: reason=predicate action=maybe_recompile pc=0x000001b8e526ae74 method=java.util.ArrayList.indexOfRange(Ljava/lang/Object;II)I @ 45 c2
Event: 6.129 Thread 0x000001b8d5257800 Uncommon trap: reason=speculate_null_assert action=make_not_entrant pc=0x000001b8e527fb40 method=java.lang.ClassLoader.loadLibrary0(Ljava/lang/Class;Ljava/io/File;)Z @ 38 c2
Event: 25.732 Thread 0x000001b8d5257800 Uncommon trap: reason=bimorphic_or_optimized_type_check action=maybe_recompile pc=0x000001b8e52d3a44 method=java.util.concurrent.ConcurrentHashMap.get(Ljava/lang/Object;)Ljava/lang/Object; @ 149 c2
Event: 25.850 Thread 0x000001b8d5257800 Uncommon trap: reason=bimorphic_or_optimized_type_check action=maybe_recompile pc=0x000001b8e52d3a44 method=java.util.concurrent.ConcurrentHashMap.get(Ljava/lang/Object;)Ljava/lang/Object; @ 149 c2
Event: 25.971 Thread 0x000001b8d5257800 Uncommon trap: reason=bimorphic_or_optimized_type_check action=maybe_recompile pc=0x000001b8e52d3a44 method=java.util.concurrent.ConcurrentHashMap.get(Ljava/lang/Object;)Ljava/lang/Object; @ 149 c2
Event: 25.971 Thread 0x000001b8d5257800 Uncommon trap: reason=bimorphic_or_optimized_type_check action=maybe_recompile pc=0x000001b8e52d3a44 method=java.util.concurrent.ConcurrentHashMap.get(Ljava/lang/Object;)Ljava/lang/Object; @ 149 c2

Classes redefined (0 events):
No events

Internal exceptions (10 events):
Event: 6.882 Thread 0x000001b8d5257800 Exception <a 'sun/nio/fs/WindowsException'{0x0000000708ab6bd0}> (0x0000000708ab6bd0) thrown at [t:/workspace/open/src/hotspot/share/prims/jni.cpp, line 615]
Event: 6.882 Thread 0x000001b8d5257800 Exception <a 'sun/nio/fs/WindowsException'{0x0000000708ab7920}> (0x0000000708ab7920) thrown at [t:/workspace/open/src/hotspot/share/prims/jni.cpp, line 615]
Event: 6.902 Thread 0x000001b8d5257800 Exception <a 'sun/nio/fs/WindowsException'{0x0000000710e67d78}> (0x0000000710e67d78) thrown at [t:/workspace/open/src/hotspot/share/prims/jni.cpp, line 615]
Event: 6.902 Thread 0x000001b8d5257800 Exception <a 'sun/nio/fs/WindowsException'{0x0000000710e68b10}> (0x0000000710e68b10) thrown at [t:/workspace/open/src/hotspot/share/prims/jni.cpp, line 615]
Event: 6.903 Thread 0x000001b8d5257800 Exception <a 'sun/nio/fs/WindowsException'{0x0000000710e69860}> (0x0000000710e69860) thrown at [t:/workspace/open/src/hotspot/share/prims/jni.cpp, line 615]
Event: 6.903 Thread 0x000001b8d5257800 Exception <a 'sun/nio/fs/WindowsException'{0x0000000710e6a5c0}> (0x0000000710e6a5c0) thrown at [t:/workspace/open/src/hotspot/share/prims/jni.cpp, line 615]
Event: 6.903 Thread 0x000001b8d5257800 Exception <a 'sun/nio/fs/WindowsException'{0x0000000710e6b2e8}> (0x0000000710e6b2e8) thrown at [t:/workspace/open/src/hotspot/share/prims/jni.cpp, line 615]
Event: 6.903 Thread 0x000001b8d5257800 Exception <a 'sun/nio/fs/WindowsException'{0x0000000710e6c048}> (0x0000000710e6c048) thrown at [t:/workspace/open/src/hotspot/share/prims/jni.cpp, line 615]
Event: 6.903 Thread 0x000001b8d5257800 Exception <a 'sun/nio/fs/WindowsException'{0x0000000710e6cd50}> (0x0000000710e6cd50) thrown at [t:/workspace/open/src/hotspot/share/prims/jni.cpp, line 615]
Event: 6.904 Thread 0x000001b8d5257800 Exception <a 'sun/nio/fs/WindowsException'{0x0000000710e6daa0}> (0x0000000710e6daa0) thrown at [t:/workspace/open/src/hotspot/share/prims/jni.cpp, line 615]

Events (10 events):
Event: 46.228 Executing VM operation: RevokeBias done
Event: 46.228 Thread 0x000001b8fb431800 Thread exited: 0x000001b8fb431800
Event: 48.102 Thread 0x000001b8fa29f000 Thread added: 0x000001b8fa29f000
Event: 49.261 Executing VM operation: RevokeBias
Event: 49.261 Executing VM operation: RevokeBias done
Event: 49.261 Thread 0x000001b8fa29f000 Thread exited: 0x000001b8fa29f000
Event: 51.506 Thread 0x000001b8fa29f000 Thread added: 0x000001b8fa29f000
Event: 52.901 Executing VM operation: RevokeBias
Event: 52.902 Executing VM operation: RevokeBias done
Event: 52.902 Thread 0x000001b8fa29f000 Thread exited: 0x000001b8fa29f000


Dynamic libraries:
0x00007ff77b3e0000 - 0x00007ff77b3ef000 	C:\Program Files\Java\jdk-12.0.2\bin\javaw.exe
0x00007ff87b650000 - 0x00007ff87b83d000 	C:\WINDOWS\SYSTEM32\ntdll.dll
0x00007ff84e8a0000 - 0x00007ff84e8b2000 	C:\Program Files\AVAST Software\Avast\aswhook.dll
0x00007ff879b00000 - 0x00007ff879bb3000 	C:\WINDOWS\System32\KERNEL32.DLL
0x00007ff8780a0000 - 0x00007ff878333000 	C:\WINDOWS\System32\KERNELBASE.dll
0x00007ff878340000 - 0x00007ff87843a000 	C:\WINDOWS\System32\ucrtbase.dll
0x00007ff8738f0000 - 0x00007ff873908000 	C:\Program Files\Java\jdk-12.0.2\bin\jli.dll
0x00007ff879dc0000 - 0x00007ff879e63000 	C:\WINDOWS\System32\ADVAPI32.dll
0x00007ff8796d0000 - 0x00007ff87976e000 	C:\WINDOWS\System32\msvcrt.dll
0x00007ff879bc0000 - 0x00007ff879c5e000 	C:\WINDOWS\System32\sechost.dll
0x00007ff8799d0000 - 0x00007ff879af2000 	C:\WINDOWS\System32\RPCRT4.dll
0x00007ff8793a0000 - 0x00007ff879537000 	C:\WINDOWS\System32\USER32.dll
0x00007ff878850000 - 0x00007ff878870000 	C:\WINDOWS\System32\win32u.dll
0x00007ff879d90000 - 0x00007ff879db9000 	C:\WINDOWS\System32\GDI32.dll
0x00007ff878550000 - 0x00007ff8786e9000 	C:\WINDOWS\System32\gdi32full.dll
0x00007ff8784b0000 - 0x00007ff878550000 	C:\WINDOWS\System32\msvcp_win.dll
0x00007ff8738d0000 - 0x00007ff8738e6000 	C:\Program Files\Java\jdk-12.0.2\bin\VCRUNTIME140.dll
0x00007ff864880000 - 0x00007ff864af9000 	C:\WINDOWS\WinSxS\amd64_microsoft.windows.common-controls_6595b64144ccf1df_6.0.17763.737_none_05b6437c071e554b\COMCTL32.dll
0x00007ff879070000 - 0x00007ff87939c000 	C:\WINDOWS\System32\combase.dll
0x00007ff8787a0000 - 0x00007ff87881e000 	C:\WINDOWS\System32\bcryptPrimitives.dll
0x00007ff873f50000 - 0x00007ff873f5a000 	C:\WINDOWS\SYSTEM32\VERSION.dll
0x00007ff87b5f0000 - 0x00007ff87b61e000 	C:\WINDOWS\System32\IMM32.DLL
0x00007ff85b000000 - 0x00007ff85b0aa000 	C:\Program Files\Java\jdk-12.0.2\bin\msvcp140.dll
0x00007ff830420000 - 0x00007ff830f97000 	C:\Program Files\Java\jdk-12.0.2\bin\server\jvm.dll
0x00007ff87b420000 - 0x00007ff87b428000 	C:\WINDOWS\System32\PSAPI.DLL
0x00007ff86e570000 - 0x00007ff86e579000 	C:\WINDOWS\SYSTEM32\WSOCK32.dll
0x00007ff879920000 - 0x00007ff87998d000 	C:\WINDOWS\System32\WS2_32.dll
0x00007ff86e5b0000 - 0x00007ff86e5d4000 	C:\WINDOWS\SYSTEM32\WINMM.dll
0x00007ff86e580000 - 0x00007ff86e5ad000 	C:\WINDOWS\SYSTEM32\WINMMBASE.dll
0x00007ff878460000 - 0x00007ff8784aa000 	C:\WINDOWS\System32\cfgmgr32.dll
0x00007ff877690000 - 0x00007ff8776a1000 	C:\WINDOWS\System32\kernel.appcore.dll
0x00007ff8736a0000 - 0x00007ff8736b1000 	C:\Program Files\Java\jdk-12.0.2\bin\verify.dll
0x00007ff872340000 - 0x00007ff87252d000 	C:\WINDOWS\SYSTEM32\DBGHELP.DLL
0x00007ff872630000 - 0x00007ff87265a000 	C:\WINDOWS\SYSTEM32\dbgcore.DLL
0x00007ff86d430000 - 0x00007ff86d456000 	C:\Program Files\Java\jdk-12.0.2\bin\java.dll
0x00007ff870e20000 - 0x00007ff870e37000 	C:\Program Files\Java\jdk-12.0.2\bin\zip.dll
0x00007ff873fa0000 - 0x00007ff873faa000 	C:\Program Files\Java\jdk-12.0.2\bin\jimage.dll
0x00007ff879e70000 - 0x00007ff87b362000 	C:\WINDOWS\System32\SHELL32.dll
0x00007ff87b370000 - 0x00007ff87b418000 	C:\WINDOWS\System32\shcore.dll
0x00007ff877950000 - 0x00007ff87809a000 	C:\WINDOWS\System32\windows.storage.dll
0x00007ff877640000 - 0x00007ff877664000 	C:\WINDOWS\System32\profapi.dll
0x00007ff8776b0000 - 0x00007ff87770d000 	C:\WINDOWS\System32\powrprof.dll
0x00007ff879610000 - 0x00007ff879662000 	C:\WINDOWS\System32\shlwapi.dll
0x00007ff878440000 - 0x00007ff878457000 	C:\WINDOWS\System32\cryptsp.dll
0x00007ff8704c0000 - 0x00007ff8704d9000 	C:\Program Files\Java\jdk-12.0.2\bin\net.dll
0x00007ff874000000 - 0x00007ff8740f2000 	C:\WINDOWS\SYSTEM32\WINHTTP.dll
0x00007ff86f9f0000 - 0x00007ff86fbc7000 	C:\WINDOWS\SYSTEM32\urlmon.dll
0x00007ff86b0e0000 - 0x00007ff86b388000 	C:\WINDOWS\SYSTEM32\iertutil.dll
0x00007ff877080000 - 0x00007ff87708c000 	C:\WINDOWS\SYSTEM32\CRYPTBASE.DLL
0x00007ff876eb0000 - 0x00007ff876f17000 	C:\WINDOWS\system32\mswsock.dll
0x00007ff870470000 - 0x00007ff870483000 	C:\Program Files\Java\jdk-12.0.2\bin\nio.dll
0x000001b8d30f0000 - 0x000001b8d30f3000 	C:\Users\m_bla\.javacpp\cache\opencv-4.0.1-1.5-windows-x86_64.jar\org\bytedeco\opencv\windows-x86_64\api-ms-win-crt-locale-l1-1-0.dll
0x000001b8d3390000 - 0x000001b8d3394000 	C:\Users\m_bla\.javacpp\cache\opencv-4.0.1-1.5-windows-x86_64.jar\org\bytedeco\opencv\windows-x86_64\api-ms-win-crt-string-l1-1-0.dll
0x000001b8d33a0000 - 0x000001b8d33a4000 	C:\Users\m_bla\.javacpp\cache\opencv-4.0.1-1.5-windows-x86_64.jar\org\bytedeco\opencv\windows-x86_64\api-ms-win-crt-stdio-l1-1-0.dll
0x000001b8d33b0000 - 0x000001b8d33b5000 	C:\Users\m_bla\.javacpp\cache\opencv-4.0.1-1.5-windows-x86_64.jar\org\bytedeco\opencv\windows-x86_64\api-ms-win-crt-math-l1-1-0.dll
0x000001b8d33c0000 - 0x000001b8d33c3000 	C:\Users\m_bla\.javacpp\cache\opencv-4.0.1-1.5-windows-x86_64.jar\org\bytedeco\opencv\windows-x86_64\api-ms-win-crt-heap-l1-1-0.dll
0x000001b8d33d0000 - 0x000001b8d33d4000 	C:\Users\m_bla\.javacpp\cache\opencv-4.0.1-1.5-windows-x86_64.jar\org\bytedeco\opencv\windows-x86_64\api-ms-win-crt-runtime-l1-1-0.dll
0x000001b8d33e0000 - 0x000001b8d33e4000 	C:\Users\m_bla\.javacpp\cache\opencv-4.0.1-1.5-windows-x86_64.jar\org\bytedeco\opencv\windows-x86_64\api-ms-win-crt-convert-l1-1-0.dll
0x000001b8d5150000 - 0x000001b8d5153000 	C:\Users\m_bla\.javacpp\cache\opencv-4.0.1-1.5-windows-x86_64.jar\org\bytedeco\opencv\windows-x86_64\api-ms-win-crt-environment-l1-1-0.dll
0x000001b8d5160000 - 0x000001b8d5163000 	C:\Users\m_bla\.javacpp\cache\opencv-4.0.1-1.5-windows-x86_64.jar\org\bytedeco\opencv\windows-x86_64\api-ms-win-crt-time-l1-1-0.dll
0x000001b8d5170000 - 0x000001b8d5173000 	C:\Users\m_bla\.javacpp\cache\opencv-4.0.1-1.5-windows-x86_64.jar\org\bytedeco\opencv\windows-x86_64\api-ms-win-crt-filesystem-l1-1-0.dll
0x000001b8d5180000 - 0x000001b8d5183000 	C:\Users\m_bla\.javacpp\cache\opencv-4.0.1-1.5-windows-x86_64.jar\org\bytedeco\opencv\windows-x86_64\api-ms-win-crt-utility-l1-1-0.dll
0x000001b8d5190000 - 0x000001b8d5195000 	C:\Users\m_bla\.javacpp\cache\opencv-4.0.1-1.5-windows-x86_64.jar\org\bytedeco\opencv\windows-x86_64\api-ms-win-crt-multibyte-l1-1-0.dll
0x000001b8d51a0000 - 0x000001b8d51a3000 	C:\Users\m_bla\.javacpp\cache\opencv-4.0.1-1.5-windows-x86_64.jar\org\bytedeco\opencv\windows-x86_64\api-ms-win-core-string-l1-1-0.dll
0x000001b8d51b0000 - 0x000001b8d51b3000 	C:\Users\m_bla\.javacpp\cache\opencv-4.0.1-1.5-windows-x86_64.jar\org\bytedeco\opencv\windows-x86_64\api-ms-win-core-errorhandling-l1-1-0.dll
0x000001b8d51c0000 - 0x000001b8d51c3000 	C:\Users\m_bla\.javacpp\cache\opencv-4.0.1-1.5-windows-x86_64.jar\org\bytedeco\opencv\windows-x86_64\api-ms-win-core-timezone-l1-1-0.dll
0x000001b8d51d0000 - 0x000001b8d51d4000 	C:\Users\m_bla\.javacpp\cache\opencv-4.0.1-1.5-windows-x86_64.jar\org\bytedeco\opencv\windows-x86_64\api-ms-win-core-file-l1-1-0.dll
0x000001b8d51e0000 - 0x000001b8d51e3000 	C:\Users\m_bla\.javacpp\cache\opencv-4.0.1-1.5-windows-x86_64.jar\org\bytedeco\opencv\windows-x86_64\api-ms-win-core-namedpipe-l1-1-0.dll
0x000001b8d51f0000 - 0x000001b8d51f3000 	C:\Users\m_bla\.javacpp\cache\opencv-4.0.1-1.5-windows-x86_64.jar\org\bytedeco\opencv\windows-x86_64\api-ms-win-core-handle-l1-1-0.dll
0x000001b8d5200000 - 0x000001b8d5203000 	C:\Users\m_bla\.javacpp\cache\opencv-4.0.1-1.5-windows-x86_64.jar\org\bytedeco\opencv\windows-x86_64\api-ms-win-core-file-l2-1-0.dll
0x000001b8fbd10000 - 0x000001b8fbd13000 	C:\Users\m_bla\.javacpp\cache\opencv-4.0.1-1.5-windows-x86_64.jar\org\bytedeco\opencv\windows-x86_64\api-ms-win-core-heap-l1-1-0.dll
0x000001b8fbd20000 - 0x000001b8fbd23000 	C:\Users\m_bla\.javacpp\cache\opencv-4.0.1-1.5-windows-x86_64.jar\org\bytedeco\opencv\windows-x86_64\api-ms-win-core-libraryloader-l1-1-0.dll
0x000001b8fbd30000 - 0x000001b8fbd33000 	C:\Users\m_bla\.javacpp\cache\opencv-4.0.1-1.5-windows-x86_64.jar\org\bytedeco\opencv\windows-x86_64\api-ms-win-core-synch-l1-1-0.dll
0x000001b8fbd40000 - 0x000001b8fbd43000 	C:\Users\m_bla\.javacpp\cache\opencv-4.0.1-1.5-windows-x86_64.jar\org\bytedeco\opencv\windows-x86_64\api-ms-win-core-processthreads-l1-1-0.dll
0x000001b8fbd50000 - 0x000001b8fbd53000 	C:\Users\m_bla\.javacpp\cache\opencv-4.0.1-1.5-windows-x86_64.jar\org\bytedeco\opencv\windows-x86_64\api-ms-win-core-processenvironment-l1-1-0.dll
0x000001b8fbd60000 - 0x000001b8fbd63000 	C:\Users\m_bla\.javacpp\cache\opencv-4.0.1-1.5-windows-x86_64.jar\org\bytedeco\opencv\windows-x86_64\api-ms-win-core-datetime-l1-1-0.dll
0x000001b8fbd70000 - 0x000001b8fbd73000 	C:\Users\m_bla\.javacpp\cache\opencv-4.0.1-1.5-windows-x86_64.jar\org\bytedeco\opencv\windows-x86_64\api-ms-win-core-localization-l1-2-0.dll
0x000001b8fbd80000 - 0x000001b8fbd83000 	C:\Users\m_bla\.javacpp\cache\opencv-4.0.1-1.5-windows-x86_64.jar\org\bytedeco\opencv\windows-x86_64\api-ms-win-core-sysinfo-l1-1-0.dll
0x000001b8fbd90000 - 0x000001b8fbd93000 	C:\Users\m_bla\.javacpp\cache\opencv-4.0.1-1.5-windows-x86_64.jar\org\bytedeco\opencv\windows-x86_64\api-ms-win-core-synch-l1-2-0.dll
0x000001b8fbda0000 - 0x000001b8fbda3000 	C:\Users\m_bla\.javacpp\cache\opencv-4.0.1-1.5-windows-x86_64.jar\org\bytedeco\opencv\windows-x86_64\api-ms-win-core-console-l1-1-0.dll
0x000001b8fbdb0000 - 0x000001b8fbdb3000 	C:\Users\m_bla\.javacpp\cache\opencv-4.0.1-1.5-windows-x86_64.jar\org\bytedeco\opencv\windows-x86_64\api-ms-win-core-debug-l1-1-0.dll
0x000001b8fbdc0000 - 0x000001b8fbdc3000 	C:\Users\m_bla\.javacpp\cache\opencv-4.0.1-1.5-windows-x86_64.jar\org\bytedeco\opencv\windows-x86_64\api-ms-win-core-rtlsupport-l1-1-0.dll
0x000001b8fbdd0000 - 0x000001b8fbdd3000 	C:\Users\m_bla\.javacpp\cache\opencv-4.0.1-1.5-windows-x86_64.jar\org\bytedeco\opencv\windows-x86_64\api-ms-win-core-processthreads-l1-1-1.dll
0x000001b8fbde0000 - 0x000001b8fbde3000 	C:\Users\m_bla\.javacpp\cache\opencv-4.0.1-1.5-windows-x86_64.jar\org\bytedeco\opencv\windows-x86_64\api-ms-win-core-file-l1-2-0.dll
0x000001b8fbdf0000 - 0x000001b8fbdf3000 	C:\Users\m_bla\.javacpp\cache\opencv-4.0.1-1.5-windows-x86_64.jar\org\bytedeco\opencv\windows-x86_64\api-ms-win-core-profile-l1-1-0.dll
0x000001b8fbe00000 - 0x000001b8fbe03000 	C:\Users\m_bla\.javacpp\cache\opencv-4.0.1-1.5-windows-x86_64.jar\org\bytedeco\opencv\windows-x86_64\api-ms-win-core-memory-l1-1-0.dll
0x000001b8fbe10000 - 0x000001b8fbe13000 	C:\Users\m_bla\.javacpp\cache\opencv-4.0.1-1.5-windows-x86_64.jar\org\bytedeco\opencv\windows-x86_64\api-ms-win-core-util-l1-1-0.dll
0x000001b8fbe20000 - 0x000001b8fbe23000 	C:\Users\m_bla\.javacpp\cache\opencv-4.0.1-1.5-windows-x86_64.jar\org\bytedeco\opencv\windows-x86_64\api-ms-win-core-interlocked-l1-1-0.dll
0x00007ff8371b0000 - 0x00007ff8372a5000 	C:\Users\m_bla\.javacpp\cache\opencv-4.0.1-1.5-windows-x86_64.jar\org\bytedeco\opencv\windows-x86_64\ucrtbase.dll
0x00007ff864d30000 - 0x00007ff864d47000 	C:\Users\m_bla\.javacpp\cache\opencv-4.0.1-1.5-windows-x86_64.jar\org\bytedeco\opencv\windows-x86_64\vcruntime140.dll
0x00007ff839f80000 - 0x00007ff83a01d000 	C:\Users\m_bla\.javacpp\cache\opencv-4.0.1-1.5-windows-x86_64.jar\org\bytedeco\opencv\windows-x86_64\msvcp140.dll
0x00007ff855900000 - 0x00007ff855951000 	C:\Users\m_bla\.javacpp\cache\opencv-4.0.1-1.5-windows-x86_64.jar\org\bytedeco\opencv\windows-x86_64\concrt140.dll
0x00007ff85c180000 - 0x00007ff85c1ae000 	C:\Users\m_bla\.javacpp\cache\opencv-4.0.1-1.5-windows-x86_64.jar\org\bytedeco\opencv\windows-x86_64\vcomp140.dll
0x00007ff828750000 - 0x00007ff828ae1000 	C:\Users\m_bla\.javacpp\cache\opencv-4.0.1-1.5-windows-x86_64.jar\org\bytedeco\opencv\windows-x86_64\opencv_core401.dll
0x00007ff825ec0000 - 0x00007ff826307000 	C:\Users\m_bla\.javacpp\cache\opencv-4.0.1-1.5-windows-x86_64.jar\org\bytedeco\opencv\windows-x86_64\opencv_imgproc401.dll
0x00007ff8268e0000 - 0x00007ff826c72000 	C:\Users\m_bla\.javacpp\cache\opencv-4.0.1-1.5-windows-x86_64.jar\org\bytedeco\opencv\windows-x86_64\jniopencv_core.dll
0x0000000064940000 - 0x0000000064955000 	C:\Users\m_bla\.javacpp\cache\mkl-dnn-0.18.1-1.5-windows-x86_64.jar\org\bytedeco\mkldnn\windows-x86_64\libwinpthread-1.dll
0x0000000061440000 - 0x000000006145c000 	C:\Users\m_bla\.javacpp\cache\mkl-dnn-0.18.1-1.5-windows-x86_64.jar\org\bytedeco\mkldnn\windows-x86_64\libgcc_s_seh-1.dll
0x0000000063600000 - 0x000000006362f000 	C:\Users\m_bla\.javacpp\cache\mkl-dnn-0.18.1-1.5-windows-x86_64.jar\org\bytedeco\mkldnn\windows-x86_64\libgomp-1.dll
0x000000006fc40000 - 0x000000006fda6000 	C:\Users\m_bla\.javacpp\cache\mkl-dnn-0.18.1-1.5-windows-x86_64.jar\org\bytedeco\mkldnn\windows-x86_64\libstdc++-6.dll
0x00007ff839550000 - 0x00007ff83963f000 	C:\Users\m_bla\.javacpp\cache\mkl-dnn-0.18.1-1.5-windows-x86_64.jar\org\bytedeco\mkldnn\windows-x86_64\msvcr120.dll
0x00007ff829020000 - 0x00007ff8291e9000 	C:\Users\m_bla\.javacpp\cache\mkl-dnn-0.18.1-1.5-windows-x86_64.jar\org\bytedeco\mkldnn\windows-x86_64\libiomp5md.dll
0x00007ff807590000 - 0x00007ff80ce01000 	C:\Users\m_bla\.javacpp\cache\mkl-dnn-0.18.1-1.5-windows-x86_64.jar\org\bytedeco\mkldnn\windows-x86_64\mklml.dll
0x0000000062100000 - 0x000000006289a000 	C:\Users\m_bla\.javacpp\cache\mkl-dnn-0.18.1-1.5-windows-x86_64.jar\org\bytedeco\mkldnn\windows-x86_64\libmkldnn.dll
0x0000000069480000 - 0x000000006d161000 	C:\Users\m_bla\.javacpp\cache\nd4j-native-1.0.0-beta4-windows-x86_64.jar\org\nd4j\nativeblas\windows-x86_64\libnd4jcpu.dll
0x0000000066880000 - 0x0000000066b8d000 	C:\Users\m_bla\.javacpp\cache\nd4j-native-1.0.0-beta4-windows-x86_64.jar\org\nd4j\nativeblas\windows-x86_64\jnind4jcpu.dll
0x00007fffee750000 - 0x00007ffff3fc1000 	C:\Users\m_bla\.javacpp\cache\mkl-dnn-0.18.1-1.5-windows-x86_64.jar\org\bytedeco\mkldnn\windows-x86_64\libopenblas_nolapack.dll
0x0000000071000000 - 0x000000007105f000 	C:\Users\m_bla\.javacpp\cache\openblas-0.3.5-1.5-windows-x86_64.jar\org\bytedeco\openblas\windows-x86_64\jniopenblas_nolapack.dll
0x00007ff827e40000 - 0x00007ff827fa5000 	C:\Users\m_bla\.javacpp\cache\opencv-4.0.1-1.5-windows-x86_64.jar\org\bytedeco\opencv\windows-x86_64\jniopencv_imgproc.dll
0x00007ff825bd0000 - 0x00007ff825eb9000 	C:\Users\m_bla\.javacpp\cache\opencv-4.0.1-1.5-windows-x86_64.jar\org\bytedeco\opencv\windows-x86_64\opencv_imgcodecs401.dll
0x00007ff85b280000 - 0x00007ff85b2b0000 	C:\Users\m_bla\.javacpp\cache\opencv-4.0.1-1.5-windows-x86_64.jar\org\bytedeco\opencv\windows-x86_64\jniopencv_imgcodecs.dll
0x00007ff876a30000 - 0x00007ff876a63000 	C:\WINDOWS\system32\rsaenh.dll
0x00007ff878820000 - 0x00007ff878846000 	C:\WINDOWS\System32\bcrypt.dll
0x00007ff877570000 - 0x00007ff877598000 	C:\WINDOWS\SYSTEM32\USERENV.dll
0x00007ff876bd0000 - 0x00007ff876c0d000 	C:\WINDOWS\SYSTEM32\IPHLPAPI.DLL
0x00007ff8799c0000 - 0x00007ff8799c8000 	C:\WINDOWS\System32\NSI.dll
0x00007ff8733d0000 - 0x00007ff8733e6000 	C:\WINDOWS\SYSTEM32\dhcpcsvc6.DLL
0x00007ff873350000 - 0x00007ff87336c000 	C:\WINDOWS\SYSTEM32\dhcpcsvc.DLL
0x00007ff876c20000 - 0x00007ff876ce6000 	C:\WINDOWS\SYSTEM32\DNSAPI.dll

dbghelp: loaded successfully - version: 4.0.5 - missing functions: none
symbol engine: initialized successfully - sym options: 0x614 - pdb path: .;C:\Program Files\Java\jdk-12.0.2\bin;C:\WINDOWS\SYSTEM32;C:\Program Files\AVAST Software\Avast;C:\WINDOWS\WinSxS\amd64_microsoft.windows.common-controls_6595b64144ccf1df_6.0.17763.737_none_05b6437c071e554b;C:\Program Files\Java\jdk-12.0.2\bin\server;C:\Users\m_bla\.javacpp\cache\opencv-4.0.1-1.5-windows-x86_64.jar\org\bytedeco\opencv\windows-x86_64;C:\Users\m_bla\.javacpp\cache\mkl-dnn-0.18.1-1.5-windows-x86_64.jar\org\bytedeco\mkldnn\windows-x86_64;C:\Users\m_bla\.javacpp\cache\nd4j-native-1.0.0-beta4-windows-x86_64.jar\org\nd4j\nativeblas\windows-x86_64;C:\Users\m_bla\.javacpp\cache\openblas-0.3.5-1.5-windows-x86_64.jar\org\bytedeco\openblas\windows-x86_64

VM Arguments:
jvm_args: -Dfile.encoding=Cp1252 
java_command: deeplearning4j.ConvolutionnalNetwork
java_class_path (initial): C:\Users\m_bla\Documents\GitHub\LRIMA\LRIMA-NezInformatique\target\classes;C:\Users\m_bla\.m2\repository\org\apache\poi\poi\3.17\poi-3.17.jar;C:\Users\m_bla\.m2\repository\commons-codec\commons-codec\1.10\commons-codec-1.10.jar;C:\Users\m_bla\.m2\repository\org\apache\commons\commons-collections4\4.1\commons-collections4-4.1.jar;C:\Users\m_bla\.m2\repository\org\apache\poi\poi-ooxml\3.17\poi-ooxml-3.17.jar;C:\Users\m_bla\.m2\repository\org\apache\poi\poi-ooxml-schemas\3.17\poi-ooxml-schemas-3.17.jar;C:\Users\m_bla\.m2\repository\org\apache\xmlbeans\xmlbeans\2.6.0\xmlbeans-2.6.0.jar;C:\Users\m_bla\.m2\repository\stax\stax-api\1.0.1\stax-api-1.0.1.jar;C:\Users\m_bla\.m2\repository\com\github\virtuald\curvesapi\1.04\curvesapi-1.04.jar;C:\Users\m_bla\.m2\repository\uk\ac\ebi\beam\beam-core\1.3.2\beam-core-1.3.2.jar;C:\Users\m_bla\.m2\repository\uk\ac\ebi\beam\beam-func\1.3.2\beam-func-1.3.2.jar;C:\Users\m_bla\.m2\repository\org\jsoup\jsoup\1.9.2\jsoup-1.9.2.jar;C:\Users\m_bla\.m2\repository\com\codeborne\phantomjsdriver\1.4.4\phantomjsdriver-1.4.4.jar;C:\Users\m_bla\.m2\repository\org\seleniumhq\selenium\selenium-api\3.8.1\selenium-api-3.8.1.jar;C:\Users\m_bla\.m2\repository\org\seleniumhq\selenium\selenium-remote-driver\3.8.1\selenium-remote-driver-3.8.1.jar;C:\Users\m_bla\.m2\repository\org\seleniumhq\selenium\selenium-chrome-driver\3.141.59\selenium-chrome-driver-3.141.59.jar;C:\Users\m_bla\.m2\repository\net\bytebuddy\byte-buddy\1.8.15\byte-buddy-1.8.15.jar;C:\Users\m_bla\.m2\repository\org\apache\commons\commons-exec\1.3\commons-exec-1.3.jar;C:\Users\m_bla\.m2\repository\com\google\guava\guava\25.0-jre\guava-25.0-jre.jar;C:\Users\m_bla\.m2\repository\com\google\code\findbugs\jsr305\1.3.9\jsr305-1.3.9.jar;C:\Users\m_bla\.m2\repository\org\checkerframework\checker-compat-qual\2.0.0\checker-compat-qual-2.0.0.jar;C:\Users\m_bla\.m2\repository\com\google\errorprone\error_prone_annotations\2.1.3\error_prone_annotations-2.1.3.jar;C:\Users\m_bl
Launcher Type: SUN_STANDARD

[Global flags]
     intx CICompilerCount                          = 3                                         {product} {ergonomic}
     uint ConcGCThreads                            = 2                                         {product} {ergonomic}
     uint G1ConcRefinementThreads                  = 6                                         {product} {ergonomic}
   size_t G1HeapRegionSize                         = 1048576                                   {product} {ergonomic}
    uintx GCDrainStackTargetSize                   = 64                                        {product} {ergonomic}
   size_t InitialHeapSize                          = 268435456                                 {product} {ergonomic}
   size_t MarkStackSize                            = 4194304                                   {product} {ergonomic}
   size_t MaxHeapSize                              = 4278190080                                {product} {ergonomic}
   size_t MaxNewSize                               = 2566914048                                {product} {ergonomic}
   size_t MinHeapDeltaBytes                        = 1048576                                   {product} {ergonomic}
    uintx NonNMethodCodeHeapSize                   = 5830732                                {pd product} {ergonomic}
    uintx NonProfiledCodeHeapSize                  = 122913754                              {pd product} {ergonomic}
    uintx ProfiledCodeHeapSize                     = 122913754                              {pd product} {ergonomic}
    uintx ReservedCodeCacheSize                    = 251658240                              {pd product} {ergonomic}
     bool SegmentedCodeCache                       = true                                      {product} {ergonomic}
     bool UseCompressedClassPointers               = true                                 {lp64_product} {ergonomic}
     bool UseCompressedOops                        = true                                 {lp64_product} {ergonomic}
     bool UseG1GC                                  = true                                      {product} {ergonomic}
     bool UseLargePagesIndividualAllocation        = false                                  {pd product} {ergonomic}

Logging:
Log output configuration:
 #0: stdout all=warning uptime,level,tags
 #1: stderr all=off uptime,level,tags

Environment Variables:
JAVA_HOME=C:\Program Files\Java\jdk-12.0.2
PATH=C:\Program Files (x86)\Common Files\Oracle\Java\javapath;C:\Program Files (x86)\Intel\Intel(R) Management Engine Components\iCLS\;C:\Program Files\Intel\Intel(R) Management Engine Components\iCLS\;C:\ProgramData\Oracle\Java\javapath;C:\WINDOWS\system32;C:\WINDOWS;C:\WINDOWS\System32\Wbem;C:\WINDOWS\System32\WindowsPowerShell\v1.0\;C:\Program Files (x86)\GtkSharp\2.12\bin;C:\Program Files (x86)\NVIDIA Corporation\PhysX\Common;C:\WINDOWS\System32\OpenSSH\;D:\Program Files\Microsoft VS Code\bin;C:\Program Files\dotnet\;C:\Program Files\Microsoft SQL Server\130\Tools\Binn\;C:\Program Files\NVIDIA Corporation\NVIDIA NvDLISR;C:\WINDOWS\system32;C:\WINDOWS;C:\WINDOWS\System32\Wbem;C:\WINDOWS\System32\WindowsPowerShell\v1.0\;C:\WINDOWS\System32\OpenSSH\;C:\Program Files\Git LFS;C:\Program Files (x86)\Intel\Intel(R) Management Engine Components\DAL;C:\Program Files\Intel\Intel(R) Management Engine Components\DAL;C:\Program Files\Git\cmd;C:\Users\m_bla\Documents\apache-maven-3.6.1\bin;C:\Program files\Java\jre1.8.0_211\bin;C:\Users\m_bla\AppData\Local\Programs\Python\Python37-32\Scripts\;C:\Users\m_bla\AppData\Local\Programs\Python\Python37-32\;C:\Users\m_bla\AppData\Local\Microsoft\WindowsApps;C:\Users\m_bla\AppData\Local\GitHubDesktop\bin;C:\Users\m_bla\AppData\Local\Microsoft\WindowsApps;C:\Program Files\JetBrains\IntelliJ IDEA Community Edition 2019.1.3\bin;;
USERNAME=m_bla
OS=Windows_NT
PROCESSOR_IDENTIFIER=Intel64 Family 6 Model 158 Stepping 12, GenuineIntel



---------------  S Y S T E M  ---------------

OS: Windows 10 , 64 bit Build 17763 (10.0.17763.475)

CPU:total 6 (initial active 6) (6 cores per cpu, 1 threads per core) family 6 model 158 stepping 12, cmov, cx8, fxsr, mmx, sse, sse2, sse3, ssse3, sse4.1, sse4.2, popcnt, avx, avx2, aes, clmul, erms, rtm, 3dnowpref, lzcnt, tsc, tscinvbit, bmi1, bmi2, adx, fma

Memory: 4k page, system-wide physical 16318M (2364M free)
TotalPageFile size 40746M (AvailPageFile size 1063M)
current process WorkingSet (physical memory assigned to process): 6192M, peak: 7716M
current process commit charge ("private bytes"): 16303M, peak: 16327M

vm_info: Java HotSpot(TM) 64-Bit Server VM (12.0.2+10) for windows-amd64 JRE (12.0.2+10), built on Jul 16 2019 01:56:17 by "mach5one" with MS VC++ 15.5 (VS2017)

END.
