#
# A fatal error has been detected by the Java Runtime Environment:
#
#  EXCEPTION_ACCESS_VIOLATION (0xc0000005) at pc=0x0000000062645f29, pid=21692, tid=16440
#
# JRE version: Java(TM) SE Runtime Environment (12.0.2+10) (build 12.0.2+10)
# Java VM: Java HotSpot(TM) 64-Bit Server VM (12.0.2+10, mixed mode, sharing, tiered, compressed oops, g1 gc, windows-amd64)
# Problematic frame:
# C  [libmkldnn.dll+0x545f29]
#
# No core dump will be written. Minidumps are not enabled by default on client versions of Windows
#
# If you would like to submit a bug report, please visit:
#   http://bugreport.java.com/bugreport/crash.jsp
# The crash happened outside the Java Virtual Machine in native code.
# See problematic frame for where to report the bug.
#

---------------  S U M M A R Y ------------

Command Line: -Dfile.encoding=Cp1252 deeplearning4j.ConvolutionnalNetwork

Host: Intel(R) Core(TM) i5-9600K CPU @ 3.70GHz, 6 cores, 15G,  Windows 10 , 64 bit Build 17763 (10.0.17763.475)
Time: Sat Sep 14 15:13:03 2019 Est (heure d?été) elapsed time: 266 seconds (0d 0h 4m 26s)

---------------  T H R E A D  ---------------

Current thread (0x0000025f204d7800):  JavaThread "main" [_thread_in_native, id=16440, stack(0x000000a41a400000,0x000000a41a500000)]

Stack: [0x000000a41a400000,0x000000a41a500000],  sp=0x000000a41a4fb6c0,  free space=1005k
Native frames: (J=compiled Java code, j=interpreted, Vv=VM code, C=native code)
C  [libmkldnn.dll+0x545f29]

Java frames: (J=compiled Java code, j=interpreted, Vv=VM code)
J 2581  org.nd4j.nativeblas.Nd4jCpu$NativeOps.execCustomOp(Lorg/bytedeco/javacpp/PointerPointer;JLorg/bytedeco/javacpp/Pointer;)I (0 bytes) @ 0x0000025f303c39b8 [0x0000025f303c3940+0x0000000000000078]
J 2579 c1 org.nd4j.linalg.cpu.nativecpu.ops.NativeOpExecutioner.exec(Lorg/nd4j/linalg/api/ops/CustomOp;Lorg/nd4j/linalg/api/ops/OpContext;)[Lorg/nd4j/linalg/api/ndarray/INDArray; (187 bytes) @ 0x0000025f28e9fb64 [0x0000025f28e9f400+0x0000000000000764]
J 3211 c1 org.nd4j.linalg.cpu.nativecpu.ops.NativeOpExecutioner.exec(Lorg/nd4j/linalg/api/ops/CustomOp;)[Lorg/nd4j/linalg/api/ndarray/INDArray; (397 bytes) @ 0x0000025f295153d4 [0x0000025f29512c80+0x0000000000002754]
J 3122 c1 org.deeplearning4j.nn.layers.mkldnn.MKLDNNSubsamplingHelper.backpropGradient(Lorg/nd4j/linalg/api/ndarray/INDArray;Lorg/nd4j/linalg/api/ndarray/INDArray;[I[I[ILorg/deeplearning4j/nn/conf/layers/PoolingType;Lorg/deeplearning4j/nn/conf/ConvolutionMode;[ILorg/deeplearning4j/nn/workspace/LayerWorkspaceMgr;)Lorg/nd4j/linalg/primitives/Pair; (330 bytes) @ 0x0000025f2922b84c [0x0000025f29228fe0+0x000000000000286c]
J 3044 c1 org.deeplearning4j.nn.layers.convolution.subsampling.SubsamplingLayer.backpropGradient(Lorg/nd4j/linalg/api/ndarray/INDArray;Lorg/deeplearning4j/nn/workspace/LayerWorkspaceMgr;)Lorg/nd4j/linalg/primitives/Pair; (1501 bytes) @ 0x0000025f29292f6c [0x0000025f29291880+0x00000000000016ec]
J 3088 c1 org.deeplearning4j.nn.multilayer.MultiLayerNetwork.calcBackpropGradients(Lorg/nd4j/linalg/api/ndarray/INDArray;ZZZ)Lorg/nd4j/linalg/primitives/Pair; (1243 bytes) @ 0x0000025f292836b4 [0x0000025f2927e0c0+0x00000000000055f4]
J 3313 c1 org.deeplearning4j.nn.multilayer.MultiLayerNetwork.computeGradientAndScore()V (813 bytes) @ 0x0000025f29560784 [0x0000025f2955bf20+0x0000000000004864]
j  org.deeplearning4j.nn.multilayer.MultiLayerNetwork.computeGradientAndScore(Lorg/deeplearning4j/nn/workspace/LayerWorkspaceMgr;)V+1
j  org.deeplearning4j.optimize.solvers.BaseOptimizer.gradientAndScore(Lorg/deeplearning4j/nn/workspace/LayerWorkspaceMgr;)Lorg/nd4j/linalg/primitives/Pair;+13
j  org.deeplearning4j.optimize.solvers.StochasticGradientDescent.optimize(Lorg/deeplearning4j/nn/workspace/LayerWorkspaceMgr;)Z+85
J 3309 c1 org.deeplearning4j.optimize.Solver.optimize(Lorg/deeplearning4j/nn/workspace/LayerWorkspaceMgr;)V (16 bytes) @ 0x0000025f2956935c [0x0000025f295691e0+0x000000000000017c]
j  org.deeplearning4j.nn.multilayer.MultiLayerNetwork.fitHelper(Lorg/nd4j/linalg/dataset/api/iterator/DataSetIterator;)V+541
j  org.deeplearning4j.nn.multilayer.MultiLayerNetwork.fit(Lorg/nd4j/linalg/dataset/api/iterator/DataSetIterator;)V+2
j  org.deeplearning4j.nn.multilayer.MultiLayerNetwork.fit(Lorg/nd4j/linalg/dataset/api/iterator/DataSetIterator;I)V+65
j  deeplearning4j.ModelUtils.trainModel(Lorg/deeplearning4j/nn/multilayer/MultiLayerNetwork;Lorg/nd4j/linalg/dataset/api/iterator/DataSetIterator;I)V+3
j  deeplearning4j.ConvolutionnalNetwork.main([Ljava/lang/String;)V+700
v  ~StubRoutines::call_stub

siginfo: EXCEPTION_ACCESS_VIOLATION (0xc0000005), writing address 0x0000000000000000


Register to memory mapping:

RIP=0x0000000062645f29 libmkldnn.dll
RAX=0x0000025f965df040 points into unknown readable memory: 00 00 00 00 00 00 00 00
RBX=0x000000a41a4fb8f0 is pointing into the stack for thread: 0x0000025f204d7800
RCX=0x0000025f965e8040 points into unknown readable memory: 00 00 00 00 00 00 00 00
RDX=0x0 is NULL
RSP=0x000000a41a4fb6c0 is pointing into the stack for thread: 0x0000025f204d7800
RBP=0x0000000000000060 is an unknown value
RSI=0x0000000000000001 is an unknown value
RDI=0x0 is NULL
R8 =0x0 is NULL
R9 =0x0000000000000008 is an unknown value
R10=0x0000000000009000 is an unknown value
R11=0x0 is NULL
R12=0x0 is NULL
R13=0x0 is NULL
R14=0x000000a41a4fb930 is pointing into the stack for thread: 0x0000025f204d7800
R15=0x0000000062115760 libmkldnn.dll


Registers:
RAX=0x0000025f965df040, RBX=0x000000a41a4fb8f0, RCX=0x0000025f965e8040, RDX=0x0000000000000000
RSP=0x000000a41a4fb6c0, RBP=0x0000000000000060, RSI=0x0000000000000001, RDI=0x0000000000000000
R8 =0x0000000000000000, R9 =0x0000000000000008, R10=0x0000000000009000, R11=0x0000000000000000
R12=0x0000000000000000, R13=0x0000000000000000, R14=0x000000a41a4fb930, R15=0x0000000062115760
RIP=0x0000000062645f29, EFLAGS=0x0000000000010202

Top of Stack: (sp=0x000000a41a4fb6c0)
0x000000a41a4fb6c0:   000000007fffffff 0000000000000000
0x000000a41a4fb6d0:   0000000000000000 0000000000000002
0x000000a41a4fb6e0:   000000a41a4fb778 000000006361d080
0x000000a41a4fb6f0:   0000000000000000 0000000000000000
0x000000a41a4fb700:   00000000000015e0 0000025f965df040
0x000000a41a4fb710:   0000000000070800 0000000000002400
0x000000a41a4fb720:   0000000000000060 0000000000000000
0x000000a41a4fb730:   0000000000000000 000000000007e000
0x000000a41a4fb740:   0000000000012000 0000000000000300
0x000000a41a4fb750:   0000000000000000 0000003200000060
0x000000a41a4fb760:   0000003200000060 0000000700000001
0x000000a41a4fb770:   0000000000000000 00000000000015e0
0x000000a41a4fb780:   0000000000000006 000000a41a4fb990
0x000000a41a4fb790:   000000a41a4fb990 0000000000000006
0x000000a41a4fb7a0:   000000a41a4fb928 0000000000000001
0x000000a41a4fb7b0:   0000000000000008 000000a41a4fba80 

Instructions: (pc=0x0000000062645f29)
0x0000000062645e29:   8b 00 f3 0f 10 25 dd 03 19 00 8d 68 ff 89 84 24
0x0000000062645e39:   a0 00 00 00 48 83 c5 01 48 63 54 24 38 48 8b 44
0x0000000062645e49:   24 50 48 63 cf 4c 8b 44 24 60 46 8d 0c e5 00 00
0x0000000062645e59:   00 00 48 8b 74 24 48 4c 0f af c1 48 0f af c2 48
0x0000000062645e69:   0f af 54 24 78 48 0f af 8c 24 88 00 00 00 4c 01
0x0000000062645e79:   c0 4d 63 c1 48 03 44 24 68 4c 0f af 44 24 58 4c
0x0000000062645e89:   01 c0 4d 63 c4 4c 0f af 84 24 80 00 00 00 48 8d
0x0000000062645e99:   04 86 48 8b 74 24 70 4c 01 c2 48 03 94 24 90 00
0x0000000062645ea9:   00 00 48 01 d1 8b 94 24 9c 00 00 00 4c 8d 04 8e
0x0000000062645eb9:   44 29 ca 41 b9 08 00 00 00 83 fa 08 44 0f 4e ca
0x0000000062645ec9:   0f 2e 23 0f 8a 9e 00 00 00 0f 85 98 00 00 00 49
0x0000000062645ed9:   8b 4e 08 0f 2e 29 0f 8a 8b 00 00 00 0f 85 85 00
0x0000000062645ee9:   00 00 44 8b 94 24 a0 00 00 00 45 85 d2 7e 4d 85
0x0000000062645ef9:   d2 7e 49 49 8b 56 18 45 31 db 48 8b 12 4c 8b 52
0x0000000062645f09:   78 48 8b b2 88 00 00 00 49 c1 e2 02 4c 89 da 48
0x0000000062645f19:   0f af d6 48 8d 0c 90 31 d2 f3 0f 10 01 4c 01 d1
0x0000000062645f29:   f3 41 0f 11 04 90 48 83 c2 01 41 39 d1 7f ea 49
0x0000000062645f39:   83 c3 01 49 83 c0 20 4c 39 dd 75 d0 8d 47 01 99
0x0000000062645f49:   f7 bc 24 98 00 00 00 85 d2 89 d7 0f 84 a8 00 00
0x0000000062645f59:   00 49 83 c5 01 4c 39 6c 24 40 0f 85 d8 fe ff ff
0x0000000062645f69:   e9 61 fd ff ff 66 90 8b 8c 24 a0 00 00 00 85 c9
0x0000000062645f79:   7e ca 85 d2 7e c6 49 8b 56 18 4d 8b 5e 08 31 f6
0x0000000062645f89:   48 8b 12 4c 8b 52 78 4c 8b ba 88 00 00 00 49 c1
0x0000000062645f99:   e2 02 0f 1f 44 00 00 48 89 f2 49 0f af d7 48 8d
0x0000000062645fa9:   0c 90 31 d2 eb 1b 90 f3 0f 59 c2 f3 0f 58 c8 f3
0x0000000062645fb9:   41 0f 11 0c 90 48 83 c2 01 4c 01 d1 41 39 d1 7e
0x0000000062645fc9:   26 f3 41 0f 10 03 0f 2e c3 f3 0f 10 0b f3 41 0f
0x0000000062645fd9:   10 14 90 f3 0f 59 09 7a ce 75 cc f3 0f 58 cb eb
0x0000000062645fe9:   ce 66 0f 1f 44 00 00 48 83 c6 01 49 83 c0 20 48
0x0000000062645ff9:   39 f5 75 a3 e9 43 ff ff ff 8b 44 24 3c 83 c0 01
0x0000000062646009:   99 f7 bc 24 a8 00 00 00 85 d2 89 54 24 3c 0f 85
0x0000000062646019:   3d ff ff ff 41 8d 44 24 01 99 f7 bc 24 ac 00 00 


Stack slot to memory mapping:
stack at sp + 0 slots: 0x000000007fffffff is an unknown value
stack at sp + 1 slots: 0x0 is NULL
stack at sp + 2 slots: 0x0 is NULL
stack at sp + 3 slots: 0x0000000000000002 is an unknown value
stack at sp + 4 slots: 0x000000a41a4fb778 is pointing into the stack for thread: 0x0000025f204d7800
stack at sp + 5 slots: 0x000000006361d080 libgomp-1.dll
stack at sp + 6 slots: 0x0 is NULL
stack at sp + 7 slots: 0x0 is NULL


---------------  P R O C E S S  ---------------

Threads class SMR info:
_java_thread_list=0x0000025f4684c370, length=14, elements={
0x0000025f204d7800, 0x0000025f43ab4800, 0x0000025f43ab6000, 0x0000025f44357000,
0x0000025f44359000, 0x0000025f44359800, 0x0000025f4436a000, 0x0000025f4436f000,
0x0000025f444f4800, 0x0000025f444fa800, 0x0000025f4552a000, 0x0000025f462d6800,
0x0000025f453d7000, 0x0000025f45901800
}

Java Threads: ( => current thread )
=>0x0000025f204d7800 JavaThread "main" [_thread_in_native, id=16440, stack(0x000000a41a400000,0x000000a41a500000)]
  0x0000025f43ab4800 JavaThread "Reference Handler" daemon [_thread_blocked, id=17948, stack(0x000000a41ab00000,0x000000a41ac00000)]
  0x0000025f43ab6000 JavaThread "Finalizer" daemon [_thread_blocked, id=7432, stack(0x000000a41ac00000,0x000000a41ad00000)]
  0x0000025f44357000 JavaThread "Signal Dispatcher" daemon [_thread_blocked, id=18520, stack(0x000000a41ad00000,0x000000a41ae00000)]
  0x0000025f44359000 JavaThread "Attach Listener" daemon [_thread_blocked, id=5916, stack(0x000000a41ae00000,0x000000a41af00000)]
  0x0000025f44359800 JavaThread "C2 CompilerThread0" daemon [_thread_blocked, id=14876, stack(0x000000a41af00000,0x000000a41b000000)]
  0x0000025f4436a000 JavaThread "C1 CompilerThread0" daemon [_thread_blocked, id=12896, stack(0x000000a41b000000,0x000000a41b100000)]
  0x0000025f4436f000 JavaThread "Sweeper thread" daemon [_thread_blocked, id=18984, stack(0x000000a41b100000,0x000000a41b200000)]
  0x0000025f444f4800 JavaThread "Service Thread" daemon [_thread_blocked, id=8808, stack(0x000000a41b200000,0x000000a41b300000)]
  0x0000025f444fa800 JavaThread "Common-Cleaner" daemon [_thread_blocked, id=20060, stack(0x000000a41b400000,0x000000a41b500000)]
  0x0000025f4552a000 JavaThread "JavaCPP Deallocator" daemon [_thread_blocked, id=18472, stack(0x000000a41bd00000,0x000000a41be00000)]
  0x0000025f462d6800 JavaThread "DeallocatorServiceThread_0" daemon [_thread_blocked, id=10732, stack(0x000000a41c400000,0x000000a41c500000)]
  0x0000025f453d7000 JavaThread "DeallocatorServiceThread_1" daemon [_thread_blocked, id=7308, stack(0x000000a41c500000,0x000000a41c600000)]
  0x0000025f45901800 JavaThread "ADSI prefetch thread" daemon [_thread_blocked, id=9792, stack(0x000000a41c600000,0x000000a41c700000)]

Other Threads:
  0x0000025f43ab2800 VMThread "VM Thread" [stack: 0x000000a41aa00000,0x000000a41ab00000] [id=17588]
  0x0000025f444f6800 WatcherThread [stack: 0x000000a41b300000,0x000000a41b400000] [id=17828]
  0x0000025f2053a800 GCTaskThread "GC Thread#0" [stack: 0x000000a41a500000,0x000000a41a600000] [id=20420]
  0x0000025f44ae9800 GCTaskThread "GC Thread#1" [stack: 0x000000a41b600000,0x000000a41b700000] [id=21392]
  0x0000025f452ba000 GCTaskThread "GC Thread#2" [stack: 0x000000a41b700000,0x000000a41b800000] [id=19368]
  0x0000025f452ba800 GCTaskThread "GC Thread#3" [stack: 0x000000a41b800000,0x000000a41b900000] [id=7376]
  0x0000025f4512b000 GCTaskThread "GC Thread#4" [stack: 0x000000a41b900000,0x000000a41ba00000] [id=19012]
  0x0000025f4512b800 GCTaskThread "GC Thread#5" [stack: 0x000000a41ba00000,0x000000a41bb00000] [id=9016]
  0x0000025f20556800 ConcurrentGCThread "G1 Main Marker" [stack: 0x000000a41a600000,0x000000a41a700000] [id=8092]
  0x0000025f20558800 ConcurrentGCThread "G1 Conc#0" [stack: 0x000000a41a700000,0x000000a41a800000] [id=20032]
  0x0000025f439a5800 ConcurrentGCThread "G1 Refine#0" [stack: 0x000000a41a800000,0x000000a41a900000] [id=6032]
  0x0000025f446b7800 ConcurrentGCThread "G1 Refine#1" [stack: 0x000000a41bb00000,0x000000a41bc00000] [id=17752]
  0x0000025f4563f000 ConcurrentGCThread "G1 Refine#2" [stack: 0x000000a41bc00000,0x000000a41bd00000] [id=15744]
  0x0000025f439a6000 ConcurrentGCThread "G1 Young RemSet Sampling" [stack: 0x000000a41a900000,0x000000a41aa00000] [id=5556]

Threads with active compile tasks:

VM state:not at safepoint (normal execution)

VM Mutex/Monitor currently owned by a thread: None

Heap address: 0x0000000701000000, size: 4080 MB, Compressed Oops mode: Zero based, Oop shift amount: 3
Narrow klass base: 0x0000000800000000, Narrow klass shift: 3
Compressed class space size: 1073741824 Address: 0x0000000801190000

Heap:
 garbage-first heap   total 122880K, used 71150K [0x0000000701000000, 0x0000000800000000)
  region size 1024K, 36 young (36864K), 0 survivors (0K)
 Metaspace       used 15792K, capacity 16807K, committed 17024K, reserved 1064960K
  class space    used 1706K, capacity 1878K, committed 1920K, reserved 1048576K
Heap Regions: E=young(eden), S=young(survivor), O=old, HS=humongous(starts), HC=humongous(continues), CS=collection set, F=free, A=archive, TAMS=top-at-mark-start (previous, next)
|   0|0x0000000701000000, 0x0000000701100000, 0x0000000701100000|100%|HS|  |TAMS 0x0000000701000000, 0x0000000701000000| Untracked 
|   1|0x0000000701100000, 0x0000000701200000, 0x0000000701200000|100%|HS|  |TAMS 0x0000000701100000, 0x0000000701100000| Untracked 
|   2|0x0000000701200000, 0x0000000701300000, 0x0000000701300000|100%|HC|  |TAMS 0x0000000701200000, 0x0000000701200000| Untracked 
|   3|0x0000000701300000, 0x0000000701400000, 0x0000000701400000|100%|HS|  |TAMS 0x0000000701300000, 0x0000000701300000| Untracked 
|   4|0x0000000701400000, 0x0000000701500000, 0x0000000701500000|100%|HC|  |TAMS 0x0000000701400000, 0x0000000701400000| Untracked 
|   5|0x0000000701500000, 0x0000000701600000, 0x0000000701600000|100%|HC|  |TAMS 0x0000000701500000, 0x0000000701500000| Untracked 
|   6|0x0000000701600000, 0x0000000701700000, 0x0000000701700000|100%|HC|  |TAMS 0x0000000701600000, 0x0000000701600000| Untracked 
|   7|0x0000000701700000, 0x0000000701800000, 0x0000000701800000|100%|HC|  |TAMS 0x0000000701700000, 0x0000000701700000| Untracked 
|   8|0x0000000701800000, 0x0000000701900000, 0x0000000701900000|100%|HC|  |TAMS 0x0000000701800000, 0x0000000701800000| Untracked 
|   9|0x0000000701900000, 0x0000000701a00000, 0x0000000701a00000|100%|HC|  |TAMS 0x0000000701900000, 0x0000000701900000| Untracked 
|  10|0x0000000701a00000, 0x0000000701b00000, 0x0000000701b00000|100%|HC|  |TAMS 0x0000000701a00000, 0x0000000701a00000| Untracked 
|  11|0x0000000701b00000, 0x0000000701c00000, 0x0000000701c00000|100%|HC|  |TAMS 0x0000000701b00000, 0x0000000701b00000| Untracked 
|  12|0x0000000701c00000, 0x0000000701d00000, 0x0000000701d00000|100%|HS|  |TAMS 0x0000000701c00000, 0x0000000701c00000| Untracked 
|  13|0x0000000701d00000, 0x0000000701e00000, 0x0000000701e00000|100%|HC|  |TAMS 0x0000000701d00000, 0x0000000701d00000| Untracked 
|  14|0x0000000701e00000, 0x0000000701effd00, 0x0000000701f00000| 99%| O|  |TAMS 0x0000000701e00000, 0x0000000701e00000| Untracked 
|  15|0x0000000701f00000, 0x0000000701ffffe8, 0x0000000702000000| 99%| O|  |TAMS 0x0000000701f00000, 0x0000000701f00000| Untracked 
|  16|0x0000000702000000, 0x0000000702100000, 0x0000000702100000|100%| O|  |TAMS 0x0000000702000000, 0x0000000702000000| Untracked 
|  17|0x0000000702100000, 0x00000007021fb740, 0x0000000702200000| 98%| O|  |TAMS 0x0000000702100000, 0x0000000702100000| Untracked 
|  18|0x0000000702200000, 0x00000007022ffff0, 0x0000000702300000| 99%| O|  |TAMS 0x0000000702200000, 0x0000000702200000| Untracked 
|  19|0x0000000702300000, 0x00000007023fff88, 0x0000000702400000| 99%| O|  |TAMS 0x0000000702300000, 0x0000000702300000| Untracked 
|  20|0x0000000702400000, 0x00000007024fc670, 0x0000000702500000| 98%| O|  |TAMS 0x0000000702400000, 0x0000000702400000| Untracked 
|  21|0x0000000702500000, 0x00000007025ffff8, 0x0000000702600000| 99%| O|  |TAMS 0x0000000702500000, 0x0000000702500000| Untracked 
|  22|0x0000000702600000, 0x00000007026ffff8, 0x0000000702700000| 99%| O|  |TAMS 0x0000000702600000, 0x0000000702600000| Untracked 
|  23|0x0000000702700000, 0x0000000702800000, 0x0000000702800000|100%|HS|  |TAMS 0x0000000702700000, 0x0000000702700000| Untracked 
|  24|0x0000000702800000, 0x0000000702900000, 0x0000000702900000|100%|HC|  |TAMS 0x0000000702800000, 0x0000000702800000| Untracked 
|  25|0x0000000702900000, 0x0000000702a00000, 0x0000000702a00000|100%|HC|  |TAMS 0x0000000702900000, 0x0000000702900000| Untracked 
|  26|0x0000000702a00000, 0x0000000702b00000, 0x0000000702b00000|100%|HC|  |TAMS 0x0000000702a00000, 0x0000000702a00000| Untracked 
|  27|0x0000000702b00000, 0x0000000702c00000, 0x0000000702c00000|100%|HC|  |TAMS 0x0000000702b00000, 0x0000000702b00000| Untracked 
|  28|0x0000000702c00000, 0x0000000702d00000, 0x0000000702d00000|100%|HC|  |TAMS 0x0000000702c00000, 0x0000000702c00000| Untracked 
|  29|0x0000000702d00000, 0x0000000702e00000, 0x0000000702e00000|100%|HC|  |TAMS 0x0000000702d00000, 0x0000000702d00000| Untracked 
|  30|0x0000000702e00000, 0x0000000702f00000, 0x0000000702f00000|100%|HC|  |TAMS 0x0000000702e00000, 0x0000000702e00000| Untracked 
|  31|0x0000000702f00000, 0x0000000703000000, 0x0000000703000000|100%|HC|  |TAMS 0x0000000702f00000, 0x0000000702f00000| Untracked 
|  32|0x0000000703000000, 0x0000000703100000, 0x0000000703100000|100%|HS|  |TAMS 0x0000000703000000, 0x0000000703000000| Untracked 
|  33|0x0000000703100000, 0x0000000703200000, 0x0000000703200000|100%|HC|  |TAMS 0x0000000703100000, 0x0000000703100000| Untracked 
|  34|0x0000000703200000, 0x000000070327b488, 0x0000000703300000| 48%| O|  |TAMS 0x0000000703200000, 0x0000000703200000| Untracked 
|  35|0x0000000703300000, 0x0000000703300000, 0x0000000703400000|  0%| F|  |TAMS 0x0000000703300000, 0x0000000703300000| Untracked 
|  36|0x0000000703400000, 0x0000000703400000, 0x0000000703500000|  0%| F|  |TAMS 0x0000000703400000, 0x0000000703400000| Untracked 
|  37|0x0000000703500000, 0x0000000703500000, 0x0000000703600000|  0%| F|  |TAMS 0x0000000703500000, 0x0000000703500000| Untracked 
|  38|0x0000000703600000, 0x0000000703600000, 0x0000000703700000|  0%| F|  |TAMS 0x0000000703600000, 0x0000000703600000| Untracked 
|  39|0x0000000703700000, 0x0000000703700000, 0x0000000703800000|  0%| F|  |TAMS 0x0000000703700000, 0x0000000703700000| Untracked 
|  40|0x0000000703800000, 0x0000000703800000, 0x0000000703900000|  0%| F|  |TAMS 0x0000000703800000, 0x0000000703800000| Untracked 
|  41|0x0000000703900000, 0x0000000703900000, 0x0000000703a00000|  0%| F|  |TAMS 0x0000000703900000, 0x0000000703900000| Untracked 
|  42|0x0000000703a00000, 0x0000000703a00000, 0x0000000703b00000|  0%| F|  |TAMS 0x0000000703a00000, 0x0000000703a00000| Untracked 
|  43|0x0000000703b00000, 0x0000000703b00000, 0x0000000703c00000|  0%| F|  |TAMS 0x0000000703b00000, 0x0000000703b00000| Untracked 
|  44|0x0000000703c00000, 0x0000000703c00000, 0x0000000703d00000|  0%| F|  |TAMS 0x0000000703c00000, 0x0000000703c00000| Untracked 
|  45|0x0000000703d00000, 0x0000000703d08ab0, 0x0000000703e00000|  3%| O|  |TAMS 0x0000000703d00000, 0x0000000703d00000| Untracked 
|  46|0x0000000703e00000, 0x0000000703e00000, 0x0000000703f00000|  0%| F|  |TAMS 0x0000000703e00000, 0x0000000703e00000| Untracked 
|  47|0x0000000703f00000, 0x0000000703f00000, 0x0000000704000000|  0%| F|  |TAMS 0x0000000703f00000, 0x0000000703f00000| Untracked 
|  48|0x0000000704000000, 0x0000000704000000, 0x0000000704100000|  0%| F|  |TAMS 0x0000000704000000, 0x0000000704000000| Untracked 
|  49|0x0000000704100000, 0x0000000704100000, 0x0000000704200000|  0%| F|  |TAMS 0x0000000704100000, 0x0000000704100000| Untracked 
|  50|0x0000000704200000, 0x0000000704200000, 0x0000000704300000|  0%| F|  |TAMS 0x0000000704200000, 0x0000000704200000| Untracked 
|  51|0x0000000704300000, 0x0000000704300000, 0x0000000704400000|  0%| F|  |TAMS 0x0000000704300000, 0x0000000704300000| Untracked 
|  52|0x0000000704400000, 0x0000000704400000, 0x0000000704500000|  0%| F|  |TAMS 0x0000000704400000, 0x0000000704400000| Untracked 
|  53|0x0000000704500000, 0x0000000704500000, 0x0000000704600000|  0%| F|  |TAMS 0x0000000704500000, 0x0000000704500000| Untracked 
|  54|0x0000000704600000, 0x0000000704600000, 0x0000000704700000|  0%| F|  |TAMS 0x0000000704600000, 0x0000000704600000| Untracked 
|  55|0x0000000704700000, 0x0000000704700000, 0x0000000704800000|  0%| F|  |TAMS 0x0000000704700000, 0x0000000704700000| Untracked 
|  56|0x0000000704800000, 0x0000000704800000, 0x0000000704900000|  0%| F|  |TAMS 0x0000000704800000, 0x0000000704800000| Untracked 
|  57|0x0000000704900000, 0x0000000704900000, 0x0000000704a00000|  0%| F|  |TAMS 0x0000000704900000, 0x0000000704900000| Untracked 
|  58|0x0000000704a00000, 0x0000000704a00000, 0x0000000704b00000|  0%| F|  |TAMS 0x0000000704a00000, 0x0000000704a00000| Untracked 
|  59|0x0000000704b00000, 0x0000000704b00000, 0x0000000704c00000|  0%| F|  |TAMS 0x0000000704b00000, 0x0000000704b00000| Untracked 
|  60|0x0000000704c00000, 0x0000000704c00000, 0x0000000704d00000|  0%| F|  |TAMS 0x0000000704c00000, 0x0000000704c00000| Untracked 
|  61|0x0000000704d00000, 0x0000000704d00000, 0x0000000704e00000|  0%| F|  |TAMS 0x0000000704d00000, 0x0000000704d00000| Untracked 
|  62|0x0000000704e00000, 0x0000000704e00000, 0x0000000704f00000|  0%| F|  |TAMS 0x0000000704e00000, 0x0000000704e00000| Untracked 
|  63|0x0000000704f00000, 0x0000000704f00000, 0x0000000705000000|  0%| F|  |TAMS 0x0000000704f00000, 0x0000000704f00000| Untracked 
|  64|0x0000000705000000, 0x0000000705000000, 0x0000000705100000|  0%| F|  |TAMS 0x0000000705000000, 0x0000000705000000| Untracked 
|  65|0x0000000705100000, 0x0000000705100000, 0x0000000705200000|  0%| F|  |TAMS 0x0000000705100000, 0x0000000705100000| Untracked 
|  66|0x0000000705200000, 0x0000000705200000, 0x0000000705300000|  0%| F|  |TAMS 0x0000000705200000, 0x0000000705200000| Untracked 
|  67|0x0000000705300000, 0x0000000705300000, 0x0000000705400000|  0%| F|  |TAMS 0x0000000705300000, 0x0000000705300000| Untracked 
|  68|0x0000000705400000, 0x0000000705400000, 0x0000000705500000|  0%| F|  |TAMS 0x0000000705400000, 0x0000000705400000| Untracked 
|  69|0x0000000705500000, 0x0000000705500000, 0x0000000705600000|  0%| F|  |TAMS 0x0000000705500000, 0x0000000705500000| Untracked 
|  70|0x0000000705600000, 0x0000000705600000, 0x0000000705700000|  0%| F|  |TAMS 0x0000000705600000, 0x0000000705600000| Untracked 
|  71|0x0000000705700000, 0x0000000705700000, 0x0000000705800000|  0%| F|  |TAMS 0x0000000705700000, 0x0000000705700000| Untracked 
|  72|0x0000000705800000, 0x0000000705800000, 0x0000000705900000|  0%| F|  |TAMS 0x0000000705800000, 0x0000000705800000| Untracked 
|  73|0x0000000705900000, 0x0000000705900000, 0x0000000705a00000|  0%| F|  |TAMS 0x0000000705900000, 0x0000000705900000| Untracked 
|  74|0x0000000705a00000, 0x0000000705a00000, 0x0000000705b00000|  0%| F|  |TAMS 0x0000000705a00000, 0x0000000705a00000| Untracked 
|  75|0x0000000705b00000, 0x0000000705b00000, 0x0000000705c00000|  0%| F|  |TAMS 0x0000000705b00000, 0x0000000705b00000| Untracked 
|  76|0x0000000705c00000, 0x0000000705c00000, 0x0000000705d00000|  0%| F|  |TAMS 0x0000000705c00000, 0x0000000705c00000| Untracked 
|  77|0x0000000705d00000, 0x0000000705d00000, 0x0000000705e00000|  0%| F|  |TAMS 0x0000000705d00000, 0x0000000705d00000| Untracked 
|  78|0x0000000705e00000, 0x0000000705e00000, 0x0000000705f00000|  0%| F|  |TAMS 0x0000000705e00000, 0x0000000705e00000| Untracked 
|  79|0x0000000705f00000, 0x0000000705f00000, 0x0000000706000000|  0%| F|  |TAMS 0x0000000705f00000, 0x0000000705f00000| Untracked 
|  80|0x0000000706000000, 0x0000000706000000, 0x0000000706100000|  0%| F|  |TAMS 0x0000000706000000, 0x0000000706000000| Untracked 
|  81|0x0000000706100000, 0x0000000706100000, 0x0000000706200000|  0%| F|  |TAMS 0x0000000706100000, 0x0000000706100000| Untracked 
|  82|0x0000000706200000, 0x0000000706200000, 0x0000000706300000|  0%| F|  |TAMS 0x0000000706200000, 0x0000000706200000| Untracked 
|  83|0x0000000706300000, 0x0000000706300000, 0x0000000706400000|  0%| F|  |TAMS 0x0000000706300000, 0x0000000706300000| Untracked 
|  84|0x0000000706400000, 0x000000070647d2e0, 0x0000000706500000| 48%| E|  |TAMS 0x0000000706400000, 0x0000000706400000| Complete 
|  85|0x0000000706500000, 0x0000000706600000, 0x0000000706600000|100%| E|CS|TAMS 0x0000000706500000, 0x0000000706500000| Complete 
|  86|0x0000000706600000, 0x0000000706700000, 0x0000000706700000|100%| E|CS|TAMS 0x0000000706600000, 0x0000000706600000| Complete 
|  87|0x0000000706700000, 0x0000000706800000, 0x0000000706800000|100%| E|CS|TAMS 0x0000000706700000, 0x0000000706700000| Complete 
|  88|0x0000000706800000, 0x0000000706900000, 0x0000000706900000|100%| E|CS|TAMS 0x0000000706800000, 0x0000000706800000| Complete 
|  89|0x0000000706900000, 0x0000000706a00000, 0x0000000706a00000|100%| E|CS|TAMS 0x0000000706900000, 0x0000000706900000| Complete 
|  90|0x0000000706a00000, 0x0000000706b00000, 0x0000000706b00000|100%| E|CS|TAMS 0x0000000706a00000, 0x0000000706a00000| Complete 
|  91|0x0000000706b00000, 0x0000000706c00000, 0x0000000706c00000|100%| E|CS|TAMS 0x0000000706b00000, 0x0000000706b00000| Complete 
|  92|0x0000000706c00000, 0x0000000706d00000, 0x0000000706d00000|100%| E|CS|TAMS 0x0000000706c00000, 0x0000000706c00000| Complete 
|  93|0x0000000706d00000, 0x0000000706e00000, 0x0000000706e00000|100%| E|CS|TAMS 0x0000000706d00000, 0x0000000706d00000| Complete 
|  94|0x0000000706e00000, 0x0000000706f00000, 0x0000000706f00000|100%| E|CS|TAMS 0x0000000706e00000, 0x0000000706e00000| Complete 
|  95|0x0000000706f00000, 0x0000000707000000, 0x0000000707000000|100%| E|CS|TAMS 0x0000000706f00000, 0x0000000706f00000| Complete 
|  96|0x0000000707000000, 0x0000000707100000, 0x0000000707100000|100%| E|CS|TAMS 0x0000000707000000, 0x0000000707000000| Complete 
|  97|0x0000000707100000, 0x0000000707200000, 0x0000000707200000|100%| E|CS|TAMS 0x0000000707100000, 0x0000000707100000| Complete 
|  98|0x0000000707200000, 0x0000000707300000, 0x0000000707300000|100%| E|CS|TAMS 0x0000000707200000, 0x0000000707200000| Complete 
|  99|0x0000000707300000, 0x0000000707400000, 0x0000000707400000|100%| E|CS|TAMS 0x0000000707300000, 0x0000000707300000| Complete 
| 100|0x0000000707400000, 0x0000000707500000, 0x0000000707500000|100%| E|CS|TAMS 0x0000000707400000, 0x0000000707400000| Complete 
| 101|0x0000000707500000, 0x0000000707600000, 0x0000000707600000|100%| E|CS|TAMS 0x0000000707500000, 0x0000000707500000| Complete 
| 102|0x0000000707600000, 0x0000000707700000, 0x0000000707700000|100%| E|CS|TAMS 0x0000000707600000, 0x0000000707600000| Complete 
| 103|0x0000000707700000, 0x0000000707800000, 0x0000000707800000|100%| E|CS|TAMS 0x0000000707700000, 0x0000000707700000| Complete 
| 104|0x0000000707800000, 0x0000000707900000, 0x0000000707900000|100%| E|CS|TAMS 0x0000000707800000, 0x0000000707800000| Complete 
| 105|0x0000000707900000, 0x0000000707a00000, 0x0000000707a00000|100%| E|CS|TAMS 0x0000000707900000, 0x0000000707900000| Complete 
| 106|0x0000000707a00000, 0x0000000707b00000, 0x0000000707b00000|100%| E|CS|TAMS 0x0000000707a00000, 0x0000000707a00000| Complete 
| 107|0x0000000707b00000, 0x0000000707c00000, 0x0000000707c00000|100%| E|CS|TAMS 0x0000000707b00000, 0x0000000707b00000| Complete 
| 108|0x0000000707c00000, 0x0000000707d00000, 0x0000000707d00000|100%| E|CS|TAMS 0x0000000707c00000, 0x0000000707c00000| Complete 
| 109|0x0000000707d00000, 0x0000000707e00000, 0x0000000707e00000|100%| E|CS|TAMS 0x0000000707d00000, 0x0000000707d00000| Complete 
| 110|0x0000000707e00000, 0x0000000707f00000, 0x0000000707f00000|100%| E|CS|TAMS 0x0000000707e00000, 0x0000000707e00000| Complete 
| 111|0x0000000707f00000, 0x0000000708000000, 0x0000000708000000|100%| E|CS|TAMS 0x0000000707f00000, 0x0000000707f00000| Complete 
| 112|0x0000000708000000, 0x0000000708100000, 0x0000000708100000|100%| E|CS|TAMS 0x0000000708000000, 0x0000000708000000| Complete 
| 113|0x0000000708100000, 0x0000000708200000, 0x0000000708200000|100%| E|CS|TAMS 0x0000000708100000, 0x0000000708100000| Complete 
| 114|0x0000000708200000, 0x0000000708300000, 0x0000000708300000|100%| E|CS|TAMS 0x0000000708200000, 0x0000000708200000| Complete 
| 115|0x0000000708300000, 0x0000000708400000, 0x0000000708400000|100%| E|CS|TAMS 0x0000000708300000, 0x0000000708300000| Complete 
| 116|0x0000000708400000, 0x0000000708500000, 0x0000000708500000|100%| E|CS|TAMS 0x0000000708400000, 0x0000000708400000| Complete 
| 117|0x0000000708500000, 0x0000000708600000, 0x0000000708600000|100%| E|CS|TAMS 0x0000000708500000, 0x0000000708500000| Complete 
| 118|0x0000000708600000, 0x0000000708700000, 0x0000000708700000|100%| E|CS|TAMS 0x0000000708600000, 0x0000000708600000| Complete 
| 119|0x0000000708700000, 0x0000000708800000, 0x0000000708800000|100%| E|CS|TAMS 0x0000000708700000, 0x0000000708700000| Complete 

Card table byte_map: [0x0000025f381d0000,0x0000025f389d0000] _byte_map_base: 0x0000025f349c8000

Marking Bits (Prev, Next): (CMBitMap*) 0x0000025f2053ba28, (CMBitMap*) 0x0000025f2053ba68
 Prev Bits: [0x0000025f391d0000, 0x0000025f3d190000)
 Next Bits: [0x0000025f3d190000, 0x0000025f41150000)

Polling page: 0x0000025f1e4b0000

Metaspace:

Usage:
  Non-class:     14.58 MB capacity,    13.76 MB ( 94%) used,   824.29 KB (  6%) free+waste,    18.44 KB ( <1%) overhead. 
      Class:      1.83 MB capacity,     1.67 MB ( 91%) used,   163.76 KB (  9%) free+waste,     7.69 KB ( <1%) overhead. 
       Both:     16.41 MB capacity,    15.42 MB ( 94%) used,   988.05 KB (  6%) free+waste,    26.13 KB ( <1%) overhead. 

Virtual space:
  Non-class space:       16.00 MB reserved,      14.75 MB ( 92%) committed 
      Class space:        1.00 GB reserved,       1.88 MB ( <1%) committed 
             Both:        1.02 GB reserved,      16.63 MB (  2%) committed 

Chunk freelists:
   Non-Class:  5.88 KB
       Class:  1.25 KB
        Both:  7.13 KB

CodeHeap 'non-profiled nmethods': size=120064Kb used=2544Kb max_used=2544Kb free=117520Kb
 bounds [0x0000025f30380000, 0x0000025f30600000, 0x0000025f378c0000]
CodeHeap 'profiled nmethods': size=120000Kb used=7350Kb max_used=7350Kb free=112649Kb
 bounds [0x0000025f28e50000, 0x0000025f29590000, 0x0000025f30380000]
CodeHeap 'non-nmethods': size=5696Kb used=1346Kb max_used=1388Kb free=4349Kb
 bounds [0x0000025f288c0000, 0x0000025f28b30000, 0x0000025f28e50000]
 total_blobs=5367 nmethods=2887 adapters=678
 compilation: enabled
              stopped_count=0, restarted_count=0
 full_count=0

Compilation events (10 events):
Event: 209.280 Thread 0x0000025f4436a000 3335       3       java.util.concurrent.locks.AbstractQueuedSynchronizer$Node::setPrevRelaxed (9 bytes)
Event: 209.332 Thread 0x0000025f4436a000 nmethod 3335 0x0000025f29582510 code [0x0000025f29582780, 0x0000025f29583040]
Event: 209.332 Thread 0x0000025f4436a000 3336       3       java.util.concurrent.locks.AbstractQueuedSynchronizer::compareAndSetTail (10 bytes)
Event: 209.345 Thread 0x0000025f4436a000 nmethod 3336 0x0000025f29583310 code [0x0000025f295835a0, 0x0000025f295841e0]
Event: 233.095 Thread 0x0000025f44359800 3338       4       org.deeplearning4j.util.ConvolutionUtils::validateShapes (1334 bytes)
Event: 233.183 Thread 0x0000025f44359800 nmethod 3338 0x0000025f305fbf90 code [0x0000025f305fc140, 0x0000025f305fc498]
Event: 259.232 Thread 0x0000025f4436a000 3339       3       org.nd4j.linalg.api.ops.performance.PerformanceTracker::helperRegisterTransaction (45 bytes)
Event: 259.604 Thread 0x0000025f4436a000 nmethod 3339 0x0000025f29584590 code [0x0000025f29584780, 0x0000025f29584c60]
Event: 259.613 Thread 0x0000025f4436a000 3340       3       java.util.Arrays::copyOfRange (63 bytes)
Event: 259.965 Thread 0x0000025f4436a000 nmethod 3340 0x0000025f29584e10 code [0x0000025f295850c0, 0x0000025f29585c80]

GC Heap History (10 events):
Event: 154.270 GC heap before
{Heap before GC invocations=50 (full 21):
 garbage-first heap   total 122880K, used 45543K [0x0000000701000000, 0x0000000800000000)
  region size 1024K, 11 young (11264K), 0 survivors (0K)
 Metaspace       used 15745K, capacity 16807K, committed 17024K, reserved 1064960K
  class space    used 1706K, capacity 1878K, committed 1920K, reserved 1048576K
}
Event: 154.277 GC heap after
{Heap after GC invocations=51 (full 22):
 garbage-first heap   total 122880K, used 35304K [0x0000000701000000, 0x0000000800000000)
  region size 1024K, 0 young (0K), 0 survivors (0K)
 Metaspace       used 15745K, capacity 16807K, committed 17024K, reserved 1064960K
  class space    used 1706K, capacity 1878K, committed 1920K, reserved 1048576K
}
Event: 161.137 GC heap before
{Heap before GC invocations=51 (full 22):
 garbage-first heap   total 122880K, used 45544K [0x0000000701000000, 0x0000000800000000)
  region size 1024K, 11 young (11264K), 0 survivors (0K)
 Metaspace       used 15745K, capacity 16807K, committed 17024K, reserved 1064960K
  class space    used 1706K, capacity 1878K, committed 1920K, reserved 1048576K
}
Event: 161.145 GC heap after
{Heap after GC invocations=52 (full 23):
 garbage-first heap   total 122880K, used 35304K [0x0000000701000000, 0x0000000800000000)
  region size 1024K, 0 young (0K), 0 survivors (0K)
 Metaspace       used 15745K, capacity 16807K, committed 17024K, reserved 1064960K
  class space    used 1706K, capacity 1878K, committed 1920K, reserved 1048576K
}
Event: 168.077 GC heap before
{Heap before GC invocations=52 (full 23):
 garbage-first heap   total 122880K, used 45544K [0x0000000701000000, 0x0000000800000000)
  region size 1024K, 11 young (11264K), 0 survivors (0K)
 Metaspace       used 15746K, capacity 16807K, committed 17024K, reserved 1064960K
  class space    used 1706K, capacity 1878K, committed 1920K, reserved 1048576K
}
Event: 168.086 GC heap after
{Heap after GC invocations=53 (full 24):
 garbage-first heap   total 122880K, used 35309K [0x0000000701000000, 0x0000000800000000)
  region size 1024K, 0 young (0K), 0 survivors (0K)
 Metaspace       used 15746K, capacity 16807K, committed 17024K, reserved 1064960K
  class space    used 1706K, capacity 1878K, committed 1920K, reserved 1048576K
}
Event: 175.357 GC heap before
{Heap before GC invocations=53 (full 24):
 garbage-first heap   total 122880K, used 45549K [0x0000000701000000, 0x0000000800000000)
  region size 1024K, 11 young (11264K), 0 survivors (0K)
 Metaspace       used 15747K, capacity 16807K, committed 17024K, reserved 1064960K
  class space    used 1706K, capacity 1878K, committed 1920K, reserved 1048576K
}
Event: 175.366 GC heap after
{Heap after GC invocations=54 (full 25):
 garbage-first heap   total 122880K, used 35310K [0x0000000701000000, 0x0000000800000000)
  region size 1024K, 0 young (0K), 0 survivors (0K)
 Metaspace       used 15747K, capacity 16807K, committed 17024K, reserved 1064960K
  class space    used 1706K, capacity 1878K, committed 1920K, reserved 1048576K
}
Event: 184.809 GC heap before
{Heap before GC invocations=54 (full 25):
 garbage-first heap   total 122880K, used 45550K [0x0000000701000000, 0x0000000800000000)
  region size 1024K, 11 young (11264K), 0 survivors (0K)
 Metaspace       used 15747K, capacity 16807K, committed 17024K, reserved 1064960K
  class space    used 1706K, capacity 1878K, committed 1920K, reserved 1048576K
}
Event: 184.827 GC heap after
{Heap after GC invocations=55 (full 26):
 garbage-first heap   total 122880K, used 35310K [0x0000000701000000, 0x0000000800000000)
  region size 1024K, 0 young (0K), 0 survivors (0K)
 Metaspace       used 15747K, capacity 16807K, committed 17024K, reserved 1064960K
  class space    used 1706K, capacity 1878K, committed 1920K, reserved 1048576K
}

Deoptimization events (10 events):
Event: 115.933 Thread 0x0000025f204d7800 Uncommon trap: reason=profile_predicate action=maybe_recompile pc=0x0000025f305afb28 method=org.nd4j.linalg.api.shape.Shape.newShapeNoCopy(Lorg/nd4j/linalg/api/ndarray/INDArray;[JZ)Lorg/nd4j/linalg/api/ndarray/INDArray; @ 41 c2
Event: 116.118 Thread 0x0000025f204d7800 Uncommon trap: reason=profile_predicate action=maybe_recompile pc=0x0000025f305afb28 method=org.nd4j.linalg.api.shape.Shape.newShapeNoCopy(Lorg/nd4j/linalg/api/ndarray/INDArray;[JZ)Lorg/nd4j/linalg/api/ndarray/INDArray; @ 41 c2
Event: 116.246 Thread 0x0000025f204d7800 Uncommon trap: reason=profile_predicate action=maybe_recompile pc=0x0000025f305afb28 method=org.nd4j.linalg.api.shape.Shape.newShapeNoCopy(Lorg/nd4j/linalg/api/ndarray/INDArray;[JZ)Lorg/nd4j/linalg/api/ndarray/INDArray; @ 41 c2
Event: 116.254 Thread 0x0000025f204d7800 Uncommon trap: reason=profile_predicate action=maybe_recompile pc=0x0000025f305afb28 method=org.nd4j.linalg.api.shape.Shape.newShapeNoCopy(Lorg/nd4j/linalg/api/ndarray/INDArray;[JZ)Lorg/nd4j/linalg/api/ndarray/INDArray; @ 41 c2
Event: 117.488 Thread 0x0000025f45901800 Uncommon trap: reason=unstable_if action=reinterpret pc=0x0000025f3049337c method=org.datavec.api.util.files.ShuffledListIterator.hasNext()Z @ 13 c2
Event: 117.489 Thread 0x0000025f45901800 Uncommon trap: reason=unstable_if action=reinterpret pc=0x0000025f304497b8 method=org.nd4j.linalg.cpu.nativecpu.CpuTADManager.getTADOnlyShapeInfo(Lorg/nd4j/linalg/api/ndarray/INDArray;[I)Lorg/nd4j/linalg/primitives/Pair; @ 67 c2
Event: 117.919 Thread 0x0000025f45901800 Uncommon trap: reason=unstable_if action=reinterpret pc=0x0000025f303f58d8 method=org.datavec.api.util.files.ShuffledListIterator.hasNext()Z @ 13 c2
Event: 119.107 Thread 0x0000025f45901800 Uncommon trap: reason=unstable_if action=reinterpret pc=0x0000025f304c8c14 method=org.nd4j.linalg.memory.provider.BasicWorkspaceManager.ensureThreadExistense()V @ 7 c2
Event: 119.107 Thread 0x0000025f45901800 Uncommon trap: reason=unstable_if action=reinterpret pc=0x0000025f30415bfc method=org.nd4j.linalg.memory.abstracts.Nd4jWorkspace.alloc(JLorg/nd4j/linalg/api/memory/enums/MemoryKind;Lorg/nd4j/linalg/api/buffer/DataType;Z)Lorg/nd4j/linalg/api/memory/pointer
Event: 119.125 Thread 0x0000025f45901800 Uncommon trap: reason=unstable_if action=reinterpret pc=0x0000025f305a5694 method=org.nd4j.linalg.memory.abstracts.Nd4jWorkspace.close()V @ 106 c2

Classes redefined (0 events):
No events

Internal exceptions (10 events):
Event: 6.122 Thread 0x0000025f204d7800 Exception <a 'sun/nio/fs/WindowsException'{0x000000071059ad20}> (0x000000071059ad20) thrown at [t:/workspace/open/src/hotspot/share/prims/jni.cpp, line 615]
Event: 6.140 Thread 0x0000025f204d7800 Exception <a 'sun/nio/fs/WindowsException'{0x000000070f34afe0}> (0x000000070f34afe0) thrown at [t:/workspace/open/src/hotspot/share/prims/jni.cpp, line 615]
Event: 6.141 Thread 0x0000025f204d7800 Exception <a 'sun/nio/fs/WindowsException'{0x000000070f34bd78}> (0x000000070f34bd78) thrown at [t:/workspace/open/src/hotspot/share/prims/jni.cpp, line 615]
Event: 6.141 Thread 0x0000025f204d7800 Exception <a 'sun/nio/fs/WindowsException'{0x000000070f34cac8}> (0x000000070f34cac8) thrown at [t:/workspace/open/src/hotspot/share/prims/jni.cpp, line 615]
Event: 6.141 Thread 0x0000025f204d7800 Exception <a 'sun/nio/fs/WindowsException'{0x000000070f34d828}> (0x000000070f34d828) thrown at [t:/workspace/open/src/hotspot/share/prims/jni.cpp, line 615]
Event: 6.141 Thread 0x0000025f204d7800 Exception <a 'sun/nio/fs/WindowsException'{0x000000070f34e550}> (0x000000070f34e550) thrown at [t:/workspace/open/src/hotspot/share/prims/jni.cpp, line 615]
Event: 6.142 Thread 0x0000025f204d7800 Exception <a 'sun/nio/fs/WindowsException'{0x000000070f34f2b0}> (0x000000070f34f2b0) thrown at [t:/workspace/open/src/hotspot/share/prims/jni.cpp, line 615]
Event: 6.142 Thread 0x0000025f204d7800 Exception <a 'sun/nio/fs/WindowsException'{0x000000070f34ffb8}> (0x000000070f34ffb8) thrown at [t:/workspace/open/src/hotspot/share/prims/jni.cpp, line 615]
Event: 6.142 Thread 0x0000025f204d7800 Exception <a 'sun/nio/fs/WindowsException'{0x000000070f350d08}> (0x000000070f350d08) thrown at [t:/workspace/open/src/hotspot/share/prims/jni.cpp, line 615]
Event: 117.489 Thread 0x0000025f45901800 Implicit null exception at 0x0000025f304484dc to 0x0000025f304497a0

Events (10 events):
Event: 154.270 Executing VM operation: G1CollectFull
Event: 154.277 Executing VM operation: G1CollectFull done
Event: 161.136 Executing VM operation: G1CollectFull
Event: 161.145 Executing VM operation: G1CollectFull done
Event: 168.077 Executing VM operation: G1CollectFull
Event: 168.086 Executing VM operation: G1CollectFull done
Event: 175.357 Executing VM operation: G1CollectFull
Event: 175.366 Executing VM operation: G1CollectFull done
Event: 184.808 Executing VM operation: G1CollectFull
Event: 184.827 Executing VM operation: G1CollectFull done


Dynamic libraries:
0x00007ff77b3e0000 - 0x00007ff77b3ef000 	C:\Program Files\Java\jdk-12.0.2\bin\javaw.exe
0x00007ff87b650000 - 0x00007ff87b83d000 	C:\WINDOWS\SYSTEM32\ntdll.dll
0x00007ff84e8a0000 - 0x00007ff84e8b2000 	C:\Program Files\AVAST Software\Avast\aswhook.dll
0x00007ff879b00000 - 0x00007ff879bb3000 	C:\WINDOWS\System32\KERNEL32.DLL
0x00007ff8780a0000 - 0x00007ff878333000 	C:\WINDOWS\System32\KERNELBASE.dll
0x00007ff878340000 - 0x00007ff87843a000 	C:\WINDOWS\System32\ucrtbase.dll
0x00007ff8738f0000 - 0x00007ff873908000 	C:\Program Files\Java\jdk-12.0.2\bin\jli.dll
0x00007ff879dc0000 - 0x00007ff879e63000 	C:\WINDOWS\System32\ADVAPI32.dll
0x00007ff8796d0000 - 0x00007ff87976e000 	C:\WINDOWS\System32\msvcrt.dll
0x00007ff879bc0000 - 0x00007ff879c5e000 	C:\WINDOWS\System32\sechost.dll
0x00007ff8799d0000 - 0x00007ff879af2000 	C:\WINDOWS\System32\RPCRT4.dll
0x00007ff8793a0000 - 0x00007ff879537000 	C:\WINDOWS\System32\USER32.dll
0x00007ff878850000 - 0x00007ff878870000 	C:\WINDOWS\System32\win32u.dll
0x00007ff879d90000 - 0x00007ff879db9000 	C:\WINDOWS\System32\GDI32.dll
0x00007ff878550000 - 0x00007ff8786e9000 	C:\WINDOWS\System32\gdi32full.dll
0x00007ff8784b0000 - 0x00007ff878550000 	C:\WINDOWS\System32\msvcp_win.dll
0x00007ff8738d0000 - 0x00007ff8738e6000 	C:\Program Files\Java\jdk-12.0.2\bin\VCRUNTIME140.dll
0x00007ff864880000 - 0x00007ff864af9000 	C:\WINDOWS\WinSxS\amd64_microsoft.windows.common-controls_6595b64144ccf1df_6.0.17763.737_none_05b6437c071e554b\COMCTL32.dll
0x00007ff879070000 - 0x00007ff87939c000 	C:\WINDOWS\System32\combase.dll
0x00007ff8787a0000 - 0x00007ff87881e000 	C:\WINDOWS\System32\bcryptPrimitives.dll
0x00007ff873f50000 - 0x00007ff873f5a000 	C:\WINDOWS\SYSTEM32\VERSION.dll
0x00007ff87b5f0000 - 0x00007ff87b61e000 	C:\WINDOWS\System32\IMM32.DLL
0x00007ff85b000000 - 0x00007ff85b0aa000 	C:\Program Files\Java\jdk-12.0.2\bin\msvcp140.dll
0x00007ff830420000 - 0x00007ff830f97000 	C:\Program Files\Java\jdk-12.0.2\bin\server\jvm.dll
0x00007ff87b420000 - 0x00007ff87b428000 	C:\WINDOWS\System32\PSAPI.DLL
0x00007ff86e570000 - 0x00007ff86e579000 	C:\WINDOWS\SYSTEM32\WSOCK32.dll
0x00007ff879920000 - 0x00007ff87998d000 	C:\WINDOWS\System32\WS2_32.dll
0x00007ff86e5b0000 - 0x00007ff86e5d4000 	C:\WINDOWS\SYSTEM32\WINMM.dll
0x00007ff86e580000 - 0x00007ff86e5ad000 	C:\WINDOWS\SYSTEM32\WINMMBASE.dll
0x00007ff878460000 - 0x00007ff8784aa000 	C:\WINDOWS\System32\cfgmgr32.dll
0x00007ff877690000 - 0x00007ff8776a1000 	C:\WINDOWS\System32\kernel.appcore.dll
0x00007ff8736a0000 - 0x00007ff8736b1000 	C:\Program Files\Java\jdk-12.0.2\bin\verify.dll
0x00007ff872340000 - 0x00007ff87252d000 	C:\WINDOWS\SYSTEM32\DBGHELP.DLL
0x00007ff872630000 - 0x00007ff87265a000 	C:\WINDOWS\SYSTEM32\dbgcore.DLL
0x00007ff86d430000 - 0x00007ff86d456000 	C:\Program Files\Java\jdk-12.0.2\bin\java.dll
0x00007ff870e20000 - 0x00007ff870e37000 	C:\Program Files\Java\jdk-12.0.2\bin\zip.dll
0x00007ff873fa0000 - 0x00007ff873faa000 	C:\Program Files\Java\jdk-12.0.2\bin\jimage.dll
0x00007ff879e70000 - 0x00007ff87b362000 	C:\WINDOWS\System32\SHELL32.dll
0x00007ff87b370000 - 0x00007ff87b418000 	C:\WINDOWS\System32\shcore.dll
0x00007ff877950000 - 0x00007ff87809a000 	C:\WINDOWS\System32\windows.storage.dll
0x00007ff877640000 - 0x00007ff877664000 	C:\WINDOWS\System32\profapi.dll
0x00007ff8776b0000 - 0x00007ff87770d000 	C:\WINDOWS\System32\powrprof.dll
0x00007ff879610000 - 0x00007ff879662000 	C:\WINDOWS\System32\shlwapi.dll
0x00007ff878440000 - 0x00007ff878457000 	C:\WINDOWS\System32\cryptsp.dll
0x00007ff8704c0000 - 0x00007ff8704d9000 	C:\Program Files\Java\jdk-12.0.2\bin\net.dll
0x00007ff874000000 - 0x00007ff8740f2000 	C:\WINDOWS\SYSTEM32\WINHTTP.dll
0x00007ff86f9f0000 - 0x00007ff86fbc7000 	C:\WINDOWS\SYSTEM32\urlmon.dll
0x00007ff86b0e0000 - 0x00007ff86b388000 	C:\WINDOWS\SYSTEM32\iertutil.dll
0x00007ff877080000 - 0x00007ff87708c000 	C:\WINDOWS\SYSTEM32\CRYPTBASE.DLL
0x00007ff876eb0000 - 0x00007ff876f17000 	C:\WINDOWS\system32\mswsock.dll
0x00007ff870470000 - 0x00007ff870483000 	C:\Program Files\Java\jdk-12.0.2\bin\nio.dll
0x0000025f203d0000 - 0x0000025f203d3000 	C:\Users\m_bla\.javacpp\cache\opencv-4.0.1-1.5-windows-x86_64.jar\org\bytedeco\opencv\windows-x86_64\api-ms-win-crt-locale-l1-1-0.dll
0x0000025f203e0000 - 0x0000025f203e4000 	C:\Users\m_bla\.javacpp\cache\opencv-4.0.1-1.5-windows-x86_64.jar\org\bytedeco\opencv\windows-x86_64\api-ms-win-crt-string-l1-1-0.dll
0x0000025f203f0000 - 0x0000025f203f4000 	C:\Users\m_bla\.javacpp\cache\opencv-4.0.1-1.5-windows-x86_64.jar\org\bytedeco\opencv\windows-x86_64\api-ms-win-crt-stdio-l1-1-0.dll
0x0000025f20400000 - 0x0000025f20405000 	C:\Users\m_bla\.javacpp\cache\opencv-4.0.1-1.5-windows-x86_64.jar\org\bytedeco\opencv\windows-x86_64\api-ms-win-crt-math-l1-1-0.dll
0x0000025f20410000 - 0x0000025f20413000 	C:\Users\m_bla\.javacpp\cache\opencv-4.0.1-1.5-windows-x86_64.jar\org\bytedeco\opencv\windows-x86_64\api-ms-win-crt-heap-l1-1-0.dll
0x0000025f20420000 - 0x0000025f20424000 	C:\Users\m_bla\.javacpp\cache\opencv-4.0.1-1.5-windows-x86_64.jar\org\bytedeco\opencv\windows-x86_64\api-ms-win-crt-runtime-l1-1-0.dll
0x0000025f20430000 - 0x0000025f20434000 	C:\Users\m_bla\.javacpp\cache\opencv-4.0.1-1.5-windows-x86_64.jar\org\bytedeco\opencv\windows-x86_64\api-ms-win-crt-convert-l1-1-0.dll
0x0000025f20440000 - 0x0000025f20443000 	C:\Users\m_bla\.javacpp\cache\opencv-4.0.1-1.5-windows-x86_64.jar\org\bytedeco\opencv\windows-x86_64\api-ms-win-crt-environment-l1-1-0.dll
0x0000025f20450000 - 0x0000025f20453000 	C:\Users\m_bla\.javacpp\cache\opencv-4.0.1-1.5-windows-x86_64.jar\org\bytedeco\opencv\windows-x86_64\api-ms-win-crt-time-l1-1-0.dll
0x0000025f20460000 - 0x0000025f20463000 	C:\Users\m_bla\.javacpp\cache\opencv-4.0.1-1.5-windows-x86_64.jar\org\bytedeco\opencv\windows-x86_64\api-ms-win-crt-filesystem-l1-1-0.dll
0x0000025f20470000 - 0x0000025f20473000 	C:\Users\m_bla\.javacpp\cache\opencv-4.0.1-1.5-windows-x86_64.jar\org\bytedeco\opencv\windows-x86_64\api-ms-win-crt-utility-l1-1-0.dll
0x0000025f20480000 - 0x0000025f20485000 	C:\Users\m_bla\.javacpp\cache\opencv-4.0.1-1.5-windows-x86_64.jar\org\bytedeco\opencv\windows-x86_64\api-ms-win-crt-multibyte-l1-1-0.dll
0x0000025f47210000 - 0x0000025f47213000 	C:\Users\m_bla\.javacpp\cache\opencv-4.0.1-1.5-windows-x86_64.jar\org\bytedeco\opencv\windows-x86_64\api-ms-win-core-string-l1-1-0.dll
0x0000025f47220000 - 0x0000025f47223000 	C:\Users\m_bla\.javacpp\cache\opencv-4.0.1-1.5-windows-x86_64.jar\org\bytedeco\opencv\windows-x86_64\api-ms-win-core-errorhandling-l1-1-0.dll
0x0000025f46f80000 - 0x0000025f46f83000 	C:\Users\m_bla\.javacpp\cache\opencv-4.0.1-1.5-windows-x86_64.jar\org\bytedeco\opencv\windows-x86_64\api-ms-win-core-timezone-l1-1-0.dll
0x0000025f46f90000 - 0x0000025f46f94000 	C:\Users\m_bla\.javacpp\cache\opencv-4.0.1-1.5-windows-x86_64.jar\org\bytedeco\opencv\windows-x86_64\api-ms-win-core-file-l1-1-0.dll
0x0000025f46fa0000 - 0x0000025f46fa3000 	C:\Users\m_bla\.javacpp\cache\opencv-4.0.1-1.5-windows-x86_64.jar\org\bytedeco\opencv\windows-x86_64\api-ms-win-core-namedpipe-l1-1-0.dll
0x0000025f46fb0000 - 0x0000025f46fb3000 	C:\Users\m_bla\.javacpp\cache\opencv-4.0.1-1.5-windows-x86_64.jar\org\bytedeco\opencv\windows-x86_64\api-ms-win-core-handle-l1-1-0.dll
0x0000025f46fc0000 - 0x0000025f46fc3000 	C:\Users\m_bla\.javacpp\cache\opencv-4.0.1-1.5-windows-x86_64.jar\org\bytedeco\opencv\windows-x86_64\api-ms-win-core-file-l2-1-0.dll
0x0000025f46fd0000 - 0x0000025f46fd3000 	C:\Users\m_bla\.javacpp\cache\opencv-4.0.1-1.5-windows-x86_64.jar\org\bytedeco\opencv\windows-x86_64\api-ms-win-core-heap-l1-1-0.dll
0x0000025f46fe0000 - 0x0000025f46fe3000 	C:\Users\m_bla\.javacpp\cache\opencv-4.0.1-1.5-windows-x86_64.jar\org\bytedeco\opencv\windows-x86_64\api-ms-win-core-libraryloader-l1-1-0.dll
0x0000025f46ff0000 - 0x0000025f46ff3000 	C:\Users\m_bla\.javacpp\cache\opencv-4.0.1-1.5-windows-x86_64.jar\org\bytedeco\opencv\windows-x86_64\api-ms-win-core-synch-l1-1-0.dll
0x0000025f47000000 - 0x0000025f47003000 	C:\Users\m_bla\.javacpp\cache\opencv-4.0.1-1.5-windows-x86_64.jar\org\bytedeco\opencv\windows-x86_64\api-ms-win-core-processthreads-l1-1-0.dll
0x0000025f47010000 - 0x0000025f47013000 	C:\Users\m_bla\.javacpp\cache\opencv-4.0.1-1.5-windows-x86_64.jar\org\bytedeco\opencv\windows-x86_64\api-ms-win-core-processenvironment-l1-1-0.dll
0x0000025f47020000 - 0x0000025f47023000 	C:\Users\m_bla\.javacpp\cache\opencv-4.0.1-1.5-windows-x86_64.jar\org\bytedeco\opencv\windows-x86_64\api-ms-win-core-datetime-l1-1-0.dll
0x0000025f471a0000 - 0x0000025f471a3000 	C:\Users\m_bla\.javacpp\cache\opencv-4.0.1-1.5-windows-x86_64.jar\org\bytedeco\opencv\windows-x86_64\api-ms-win-core-localization-l1-2-0.dll
0x0000025f47030000 - 0x0000025f47033000 	C:\Users\m_bla\.javacpp\cache\opencv-4.0.1-1.5-windows-x86_64.jar\org\bytedeco\opencv\windows-x86_64\api-ms-win-core-sysinfo-l1-1-0.dll
0x0000025f47040000 - 0x0000025f47043000 	C:\Users\m_bla\.javacpp\cache\opencv-4.0.1-1.5-windows-x86_64.jar\org\bytedeco\opencv\windows-x86_64\api-ms-win-core-synch-l1-2-0.dll
0x0000025f47050000 - 0x0000025f47053000 	C:\Users\m_bla\.javacpp\cache\opencv-4.0.1-1.5-windows-x86_64.jar\org\bytedeco\opencv\windows-x86_64\api-ms-win-core-console-l1-1-0.dll
0x0000025f47190000 - 0x0000025f47193000 	C:\Users\m_bla\.javacpp\cache\opencv-4.0.1-1.5-windows-x86_64.jar\org\bytedeco\opencv\windows-x86_64\api-ms-win-core-debug-l1-1-0.dll
0x0000025f471b0000 - 0x0000025f471b3000 	C:\Users\m_bla\.javacpp\cache\opencv-4.0.1-1.5-windows-x86_64.jar\org\bytedeco\opencv\windows-x86_64\api-ms-win-core-rtlsupport-l1-1-0.dll
0x0000025f47060000 - 0x0000025f47063000 	C:\Users\m_bla\.javacpp\cache\opencv-4.0.1-1.5-windows-x86_64.jar\org\bytedeco\opencv\windows-x86_64\api-ms-win-core-processthreads-l1-1-1.dll
0x0000025f47070000 - 0x0000025f47073000 	C:\Users\m_bla\.javacpp\cache\opencv-4.0.1-1.5-windows-x86_64.jar\org\bytedeco\opencv\windows-x86_64\api-ms-win-core-file-l1-2-0.dll
0x0000025f47080000 - 0x0000025f47083000 	C:\Users\m_bla\.javacpp\cache\opencv-4.0.1-1.5-windows-x86_64.jar\org\bytedeco\opencv\windows-x86_64\api-ms-win-core-profile-l1-1-0.dll
0x0000025f47090000 - 0x0000025f47093000 	C:\Users\m_bla\.javacpp\cache\opencv-4.0.1-1.5-windows-x86_64.jar\org\bytedeco\opencv\windows-x86_64\api-ms-win-core-memory-l1-1-0.dll
0x0000025f470a0000 - 0x0000025f470a3000 	C:\Users\m_bla\.javacpp\cache\opencv-4.0.1-1.5-windows-x86_64.jar\org\bytedeco\opencv\windows-x86_64\api-ms-win-core-util-l1-1-0.dll
0x0000025f470b0000 - 0x0000025f470b3000 	C:\Users\m_bla\.javacpp\cache\opencv-4.0.1-1.5-windows-x86_64.jar\org\bytedeco\opencv\windows-x86_64\api-ms-win-core-interlocked-l1-1-0.dll
0x00007ff841fe0000 - 0x00007ff8420d5000 	C:\Users\m_bla\.javacpp\cache\opencv-4.0.1-1.5-windows-x86_64.jar\org\bytedeco\opencv\windows-x86_64\ucrtbase.dll
0x00007ff873bf0000 - 0x00007ff873c07000 	C:\Users\m_bla\.javacpp\cache\opencv-4.0.1-1.5-windows-x86_64.jar\org\bytedeco\opencv\windows-x86_64\vcruntime140.dll
0x00007ff840500000 - 0x00007ff84059d000 	C:\Users\m_bla\.javacpp\cache\opencv-4.0.1-1.5-windows-x86_64.jar\org\bytedeco\opencv\windows-x86_64\msvcp140.dll
0x00007ff85b1e0000 - 0x00007ff85b231000 	C:\Users\m_bla\.javacpp\cache\opencv-4.0.1-1.5-windows-x86_64.jar\org\bytedeco\opencv\windows-x86_64\concrt140.dll
0x00007ff860050000 - 0x00007ff86007e000 	C:\Users\m_bla\.javacpp\cache\opencv-4.0.1-1.5-windows-x86_64.jar\org\bytedeco\opencv\windows-x86_64\vcomp140.dll
0x00007ff82a2a0000 - 0x00007ff82a631000 	C:\Users\m_bla\.javacpp\cache\opencv-4.0.1-1.5-windows-x86_64.jar\org\bytedeco\opencv\windows-x86_64\opencv_core401.dll
0x00007ff825db0000 - 0x00007ff8261f7000 	C:\Users\m_bla\.javacpp\cache\opencv-4.0.1-1.5-windows-x86_64.jar\org\bytedeco\opencv\windows-x86_64\opencv_imgproc401.dll
0x00007ff825a10000 - 0x00007ff825da2000 	C:\Users\m_bla\.javacpp\cache\opencv-4.0.1-1.5-windows-x86_64.jar\org\bytedeco\opencv\windows-x86_64\jniopencv_core.dll
0x0000000064940000 - 0x0000000064955000 	C:\Users\m_bla\.javacpp\cache\mkl-dnn-0.18.1-1.5-windows-x86_64.jar\org\bytedeco\mkldnn\windows-x86_64\libwinpthread-1.dll
0x0000000061440000 - 0x000000006145c000 	C:\Users\m_bla\.javacpp\cache\mkl-dnn-0.18.1-1.5-windows-x86_64.jar\org\bytedeco\mkldnn\windows-x86_64\libgcc_s_seh-1.dll
0x0000000063600000 - 0x000000006362f000 	C:\Users\m_bla\.javacpp\cache\mkl-dnn-0.18.1-1.5-windows-x86_64.jar\org\bytedeco\mkldnn\windows-x86_64\libgomp-1.dll
0x000000006fc40000 - 0x000000006fda6000 	C:\Users\m_bla\.javacpp\cache\mkl-dnn-0.18.1-1.5-windows-x86_64.jar\org\bytedeco\mkldnn\windows-x86_64\libstdc++-6.dll
0x00007ff840410000 - 0x00007ff8404ff000 	C:\Users\m_bla\.javacpp\cache\mkl-dnn-0.18.1-1.5-windows-x86_64.jar\org\bytedeco\mkldnn\windows-x86_64\msvcr120.dll
0x00007ff827de0000 - 0x00007ff827fa9000 	C:\Users\m_bla\.javacpp\cache\mkl-dnn-0.18.1-1.5-windows-x86_64.jar\org\bytedeco\mkldnn\windows-x86_64\libiomp5md.dll
0x00007ff809610000 - 0x00007ff80ee81000 	C:\Users\m_bla\.javacpp\cache\mkl-dnn-0.18.1-1.5-windows-x86_64.jar\org\bytedeco\mkldnn\windows-x86_64\mklml.dll
0x0000000062100000 - 0x000000006289a000 	C:\Users\m_bla\.javacpp\cache\mkl-dnn-0.18.1-1.5-windows-x86_64.jar\org\bytedeco\mkldnn\windows-x86_64\libmkldnn.dll
0x0000000069480000 - 0x000000006d161000 	C:\Users\m_bla\.javacpp\cache\nd4j-native-1.0.0-beta4-windows-x86_64.jar\org\nd4j\nativeblas\windows-x86_64\libnd4jcpu.dll
0x0000000066880000 - 0x0000000066b8d000 	C:\Users\m_bla\.javacpp\cache\nd4j-native-1.0.0-beta4-windows-x86_64.jar\org\nd4j\nativeblas\windows-x86_64\jnind4jcpu.dll
0x00007fffee750000 - 0x00007ffff3fc1000 	C:\Users\m_bla\.javacpp\cache\mkl-dnn-0.18.1-1.5-windows-x86_64.jar\org\bytedeco\mkldnn\windows-x86_64\libopenblas_nolapack.dll
0x0000000071000000 - 0x000000007105f000 	C:\Users\m_bla\.javacpp\cache\openblas-0.3.5-1.5-windows-x86_64.jar\org\bytedeco\openblas\windows-x86_64\jniopenblas_nolapack.dll
0x00007ff827c70000 - 0x00007ff827dd5000 	C:\Users\m_bla\.javacpp\cache\opencv-4.0.1-1.5-windows-x86_64.jar\org\bytedeco\opencv\windows-x86_64\jniopencv_imgproc.dll
0x00007ff823550000 - 0x00007ff823839000 	C:\Users\m_bla\.javacpp\cache\opencv-4.0.1-1.5-windows-x86_64.jar\org\bytedeco\opencv\windows-x86_64\opencv_imgcodecs401.dll
0x00007ff85c180000 - 0x00007ff85c1b0000 	C:\Users\m_bla\.javacpp\cache\opencv-4.0.1-1.5-windows-x86_64.jar\org\bytedeco\opencv\windows-x86_64\jniopencv_imgcodecs.dll
0x00007ff876a30000 - 0x00007ff876a63000 	C:\WINDOWS\system32\rsaenh.dll
0x00007ff878820000 - 0x00007ff878846000 	C:\WINDOWS\System32\bcrypt.dll
0x00007ff877570000 - 0x00007ff877598000 	C:\WINDOWS\SYSTEM32\USERENV.dll
0x00007ff876bd0000 - 0x00007ff876c0d000 	C:\WINDOWS\SYSTEM32\IPHLPAPI.DLL
0x00007ff8799c0000 - 0x00007ff8799c8000 	C:\WINDOWS\System32\NSI.dll
0x00007ff8733d0000 - 0x00007ff8733e6000 	C:\WINDOWS\SYSTEM32\dhcpcsvc6.DLL
0x00007ff873350000 - 0x00007ff87336c000 	C:\WINDOWS\SYSTEM32\dhcpcsvc.DLL
0x00007ff876c20000 - 0x00007ff876ce6000 	C:\WINDOWS\SYSTEM32\DNSAPI.dll

dbghelp: loaded successfully - version: 4.0.5 - missing functions: none
symbol engine: initialized successfully - sym options: 0x614 - pdb path: .;C:\Program Files\Java\jdk-12.0.2\bin;C:\WINDOWS\SYSTEM32;C:\Program Files\AVAST Software\Avast;C:\WINDOWS\WinSxS\amd64_microsoft.windows.common-controls_6595b64144ccf1df_6.0.17763.737_none_05b6437c071e554b;C:\Program Files\Java\jdk-12.0.2\bin\server;C:\Users\m_bla\.javacpp\cache\opencv-4.0.1-1.5-windows-x86_64.jar\org\bytedeco\opencv\windows-x86_64;C:\Users\m_bla\.javacpp\cache\mkl-dnn-0.18.1-1.5-windows-x86_64.jar\org\bytedeco\mkldnn\windows-x86_64;C:\Users\m_bla\.javacpp\cache\nd4j-native-1.0.0-beta4-windows-x86_64.jar\org\nd4j\nativeblas\windows-x86_64;C:\Users\m_bla\.javacpp\cache\openblas-0.3.5-1.5-windows-x86_64.jar\org\bytedeco\openblas\windows-x86_64

VM Arguments:
jvm_args: -Dfile.encoding=Cp1252 
java_command: deeplearning4j.ConvolutionnalNetwork
java_class_path (initial): C:\Users\m_bla\Documents\GitHub\LRIMA\LRIMA-NezInformatique\target\classes;C:\Users\m_bla\.m2\repository\org\apache\poi\poi\3.17\poi-3.17.jar;C:\Users\m_bla\.m2\repository\commons-codec\commons-codec\1.10\commons-codec-1.10.jar;C:\Users\m_bla\.m2\repository\org\apache\commons\commons-collections4\4.1\commons-collections4-4.1.jar;C:\Users\m_bla\.m2\repository\org\apache\poi\poi-ooxml\3.17\poi-ooxml-3.17.jar;C:\Users\m_bla\.m2\repository\org\apache\poi\poi-ooxml-schemas\3.17\poi-ooxml-schemas-3.17.jar;C:\Users\m_bla\.m2\repository\org\apache\xmlbeans\xmlbeans\2.6.0\xmlbeans-2.6.0.jar;C:\Users\m_bla\.m2\repository\stax\stax-api\1.0.1\stax-api-1.0.1.jar;C:\Users\m_bla\.m2\repository\com\github\virtuald\curvesapi\1.04\curvesapi-1.04.jar;C:\Users\m_bla\.m2\repository\uk\ac\ebi\beam\beam-core\1.3.2\beam-core-1.3.2.jar;C:\Users\m_bla\.m2\repository\uk\ac\ebi\beam\beam-func\1.3.2\beam-func-1.3.2.jar;C:\Users\m_bla\.m2\repository\org\jsoup\jsoup\1.9.2\jsoup-1.9.2.jar;C:\Users\m_bla\.m2\repository\com\codeborne\phantomjsdriver\1.4.4\phantomjsdriver-1.4.4.jar;C:\Users\m_bla\.m2\repository\org\seleniumhq\selenium\selenium-api\3.8.1\selenium-api-3.8.1.jar;C:\Users\m_bla\.m2\repository\org\seleniumhq\selenium\selenium-remote-driver\3.8.1\selenium-remote-driver-3.8.1.jar;C:\Users\m_bla\.m2\repository\org\seleniumhq\selenium\selenium-chrome-driver\3.141.59\selenium-chrome-driver-3.141.59.jar;C:\Users\m_bla\.m2\repository\net\bytebuddy\byte-buddy\1.8.15\byte-buddy-1.8.15.jar;C:\Users\m_bla\.m2\repository\org\apache\commons\commons-exec\1.3\commons-exec-1.3.jar;C:\Users\m_bla\.m2\repository\com\google\guava\guava\25.0-jre\guava-25.0-jre.jar;C:\Users\m_bla\.m2\repository\com\google\code\findbugs\jsr305\1.3.9\jsr305-1.3.9.jar;C:\Users\m_bla\.m2\repository\org\checkerframework\checker-compat-qual\2.0.0\checker-compat-qual-2.0.0.jar;C:\Users\m_bla\.m2\repository\com\google\errorprone\error_prone_annotations\2.1.3\error_prone_annotations-2.1.3.jar;C:\Users\m_bl
Launcher Type: SUN_STANDARD

[Global flags]
     intx CICompilerCount                          = 3                                         {product} {ergonomic}
     uint ConcGCThreads                            = 2                                         {product} {ergonomic}
     uint G1ConcRefinementThreads                  = 6                                         {product} {ergonomic}
   size_t G1HeapRegionSize                         = 1048576                                   {product} {ergonomic}
    uintx GCDrainStackTargetSize                   = 64                                        {product} {ergonomic}
   size_t InitialHeapSize                          = 268435456                                 {product} {ergonomic}
   size_t MarkStackSize                            = 4194304                                   {product} {ergonomic}
   size_t MaxHeapSize                              = 4278190080                                {product} {ergonomic}
   size_t MaxNewSize                               = 2566914048                                {product} {ergonomic}
   size_t MinHeapDeltaBytes                        = 1048576                                   {product} {ergonomic}
    uintx NonNMethodCodeHeapSize                   = 5830732                                {pd product} {ergonomic}
    uintx NonProfiledCodeHeapSize                  = 122913754                              {pd product} {ergonomic}
    uintx ProfiledCodeHeapSize                     = 122913754                              {pd product} {ergonomic}
    uintx ReservedCodeCacheSize                    = 251658240                              {pd product} {ergonomic}
     bool SegmentedCodeCache                       = true                                      {product} {ergonomic}
     bool UseCompressedClassPointers               = true                                 {lp64_product} {ergonomic}
     bool UseCompressedOops                        = true                                 {lp64_product} {ergonomic}
     bool UseG1GC                                  = true                                      {product} {ergonomic}
     bool UseLargePagesIndividualAllocation        = false                                  {pd product} {ergonomic}

Logging:
Log output configuration:
 #0: stdout all=warning uptime,level,tags
 #1: stderr all=off uptime,level,tags

Environment Variables:
JAVA_HOME=C:\Program Files\Java\jdk-12.0.2
PATH=C:\Program Files (x86)\Common Files\Oracle\Java\javapath;C:\Program Files (x86)\Intel\Intel(R) Management Engine Components\iCLS\;C:\Program Files\Intel\Intel(R) Management Engine Components\iCLS\;C:\ProgramData\Oracle\Java\javapath;C:\WINDOWS\system32;C:\WINDOWS;C:\WINDOWS\System32\Wbem;C:\WINDOWS\System32\WindowsPowerShell\v1.0\;C:\Program Files (x86)\GtkSharp\2.12\bin;C:\Program Files (x86)\NVIDIA Corporation\PhysX\Common;C:\WINDOWS\System32\OpenSSH\;D:\Program Files\Microsoft VS Code\bin;C:\Program Files\dotnet\;C:\Program Files\Microsoft SQL Server\130\Tools\Binn\;C:\Program Files\NVIDIA Corporation\NVIDIA NvDLISR;C:\WINDOWS\system32;C:\WINDOWS;C:\WINDOWS\System32\Wbem;C:\WINDOWS\System32\WindowsPowerShell\v1.0\;C:\WINDOWS\System32\OpenSSH\;C:\Program Files\Git LFS;C:\Program Files (x86)\Intel\Intel(R) Management Engine Components\DAL;C:\Program Files\Intel\Intel(R) Management Engine Components\DAL;C:\Program Files\Git\cmd;C:\Users\m_bla\Documents\apache-maven-3.6.1\bin;C:\Program files\Java\jre1.8.0_211\bin;C:\Users\m_bla\AppData\Local\Programs\Python\Python37-32\Scripts\;C:\Users\m_bla\AppData\Local\Programs\Python\Python37-32\;C:\Users\m_bla\AppData\Local\Microsoft\WindowsApps;C:\Users\m_bla\AppData\Local\GitHubDesktop\bin;C:\Users\m_bla\AppData\Local\Microsoft\WindowsApps;C:\Program Files\JetBrains\IntelliJ IDEA Community Edition 2019.1.3\bin;;
USERNAME=m_bla
OS=Windows_NT
PROCESSOR_IDENTIFIER=Intel64 Family 6 Model 158 Stepping 12, GenuineIntel



---------------  S Y S T E M  ---------------

OS: Windows 10 , 64 bit Build 17763 (10.0.17763.475)

CPU:total 6 (initial active 6) (6 cores per cpu, 1 threads per core) family 6 model 158 stepping 12, cmov, cx8, fxsr, mmx, sse, sse2, sse3, ssse3, sse4.1, sse4.2, popcnt, avx, avx2, aes, clmul, erms, rtm, 3dnowpref, lzcnt, tsc, tscinvbit, bmi1, bmi2, adx, fma

Memory: 4k page, system-wide physical 16318M (97M free)
TotalPageFile size 43173M (AvailPageFile size 9M)
current process WorkingSet (physical memory assigned to process): 207M, peak: 8288M
current process commit charge ("private bytes"): 26274M, peak: 26366M

vm_info: Java HotSpot(TM) 64-Bit Server VM (12.0.2+10) for windows-amd64 JRE (12.0.2+10), built on Jul 16 2019 01:56:17 by "mach5one" with MS VC++ 15.5 (VS2017)

END.
